#
# A fatal error has been detected by the Java Runtime Environment:
#
#  SIGBUS (0xa) at pc=0x000000010780b835, pid=79944, tid=24835
#
# JRE version: Java(TM) SE Runtime Environment (14.0.1+7) (build 14.0.1+7)
# Java VM: Java HotSpot(TM) 64-Bit Server VM (14.0.1+7, mixed mode, sharing, tiered, compressed oops, g1 gc, bsd-amd64)
# Problematic frame:
# V  [libjvm.dylib+0x20b835]  _ZN12ConstantPool31impl_name_and_type_ref_index_atEib+0x35
#
# No core dump will be written. Core dumps have been disabled. To enable core dumping, try "ulimit -c unlimited" before starting Java again
#
# If you would like to submit a bug report, please visit:
#   https://bugreport.java.com/bugreport/crash.jsp
#

---------------  S U M M A R Y ------------

Command Line: -agentlib:jdwp=transport=dt_socket,suspend=y,address=localhost:59839 -javaagent:/Users/ivy/eclipse/java-2020-03/Eclipse.app/Contents/Eclipse/configuration/org.eclipse.osgi/216/0/.cp/lib/javaagent-shaded.jar -Dfile.encoding=UTF-8 parkingLot.test

Host: MacBookPro11,5 x86_64 2500 MHz, 8 cores, 16G, Darwin 19.5.0
Time: Thu Jul 16 15:10:27 2020 CDT elapsed time: 992 seconds (0d 0h 16m 32s)

---------------  T H R E A D  ---------------

Current thread (0x00007fc73b076800):  JavaThread "JDWP Transport Listener: dt_socket" daemon [_thread_in_vm, id=24835, stack(0x000070000cc46000,0x000070000cd46000)] _threads_hazard_ptr=0x00007fc73ae14830

Stack: [0x000070000cc46000,0x000070000cd46000],  sp=0x000070000cd453f0,  free space=1020k
Native frames: (J=compiled Java code, A=aot compiled Java code, j=interpreted, Vv=VM code, C=native code)
V  [libjvm.dylib+0x20b835]  _ZN12ConstantPool31impl_name_and_type_ref_index_atEib+0x35
V  [libjvm.dylib+0x2fd5ae]  _ZN14GenerateOopMap8do_fieldEiiii+0x44
V  [libjvm.dylib+0x2fbe07]  _ZN14GenerateOopMap9interp_bbEP10BasicBlock+0xdb
V  [libjvm.dylib+0x2fbb28]  _ZN14GenerateOopMap10interp_allEv+0x3c
V  [libjvm.dylib+0x2fb7d9]  _ZN14GenerateOopMap17do_interpretationEv+0x4b
V  [libjvm.dylib+0x2fdef9]  _ZN14GenerateOopMap11compute_mapEP6Thread+0x165
V  [libjvm.dylib+0x5e0998]  _ZN19OopMapForCacheEntry11compute_mapEP6Thread+0x54
V  [libjvm.dylib+0x5e117a]  _ZN16OopMapCacheEntry4fillERK12methodHandlei+0xac
V  [libjvm.dylib+0x5e1aab]  _ZN11OopMapCache19compute_one_oop_mapERK12methodHandleiP17InterpreterOopMap+0x5d
V  [libjvm.dylib+0x5a96e0]  _ZN6Method8mask_forEiP17InterpreterOopMap+0x7e
V  [libjvm.dylib+0x736484]  _ZNK17interpretedVFrame10stack_dataEb+0x48
V  [libjvm.dylib+0x4b86f1]  _ZN16VM_GetOrSetLocal22check_slot_type_no_lvtEP10javaVFrame+0x4d
V  [libjvm.dylib+0x4b87dd]  _ZN16VM_GetOrSetLocal13doit_prologueEv+0x8d
V  [libjvm.dylib+0x749b0d]  _ZN8VMThread7executeEP12VM_Operation+0x12d
V  [libjvm.dylib+0x4a4f18]  _ZN8JvmtiEnv14GetLocalObjectEP10JavaThreadiiPP8_jobject+0x54
V  [libjvm.dylib+0x466e3e]  _ZL20jvmti_GetLocalObjectP9_jvmtiEnvP8_jobjectiiPS2_+0x14d
C  [libjdwp.dylib+0x6f7c]  thisObject+0x1ac
C  [libjdwp.dylib+0xe689]  debugLoop_run+0x1f1
C  [libjdwp.dylib+0x1f8ee]  attachThread+0x54
V  [libjvm.dylib+0x4b72ea]  _ZN16JvmtiAgentThread19call_start_functionEv+0x38
V  [libjvm.dylib+0x6ed14a]  _ZN10JavaThread17thread_main_innerEv+0x86
V  [libjvm.dylib+0x6ecf88]  _ZN10JavaThread3runEv+0x118
V  [libjvm.dylib+0x6eadcf]  _ZN6Thread8call_runEv+0x71
V  [libjvm.dylib+0x5e97a0]  _ZL19thread_native_entryP6Thread+0x129
C  [libsystem_pthread.dylib+0x6109]  _pthread_start+0x94
C  [libsystem_pthread.dylib+0x1b8b]  thread_start+0xf


siginfo: si_signo: 10 (SIGBUS), si_code: 2 (BUS_ADRERR), si_addr: 0x000000012bd7b4da

Register to memory mapping:

RAX=0x000000012bd37110 is pointing into metadata
RBX=0x000000012bd361d8 is pointing into metadata
RCX=0x0000000000008a58 is an unknown value
RDX=0x0000000000001940 is an unknown value
RSP=0x000070000cd453f0 is pointing into the stack for thread: 0x00007fc73b076800
RBP=0x000070000cd453f0 is pointing into the stack for thread: 0x00007fc73b076800
RSI=0x00000000000000ca is an unknown value
RDI=0x000000012bd361d8 is pointing into metadata
R8 =0x0000000000000078 is an unknown value
R9 =0x00007fc73ac3b340 points into unknown readable memory: 88 68 d3 2b 01 00 00 00
R10=0x000000008a000000 is an unknown value
R11=0xfffffffffffffe40 is an unknown value
R12=0x000070000cd45610 is pointing into the stack for thread: 0x00007fc73b076800
R13=0x0000000000000078 is an unknown value
R14=0x0 is NULL
R15=0x0000000000000001 is an unknown value


Registers:
RAX=0x000000012bd37110, RBX=0x000000012bd361d8, RCX=0x0000000000008a58, RDX=0x0000000000001940
RSP=0x000070000cd453f0, RBP=0x000070000cd453f0, RSI=0x00000000000000ca, RDI=0x000000012bd361d8
R8 =0x0000000000000078, R9 =0x00007fc73ac3b340, R10=0x000000008a000000, R11=0xfffffffffffffe40
R12=0x000070000cd45610, R13=0x0000000000000078, R14=0x0000000000000000, R15=0x0000000000000001
RIP=0x000000010780b835, EFLAGS=0x0000000000010202, ERR=0x0000000000000004
  TRAPNO=0x000000000000000e

Top of Stack: (sp=0x000070000cd453f0)
0x000070000cd453f0:   000070000cd45450 00000001078fd5ae
0x000070000cd45400:   000070000cd45468 00007fc73b096e80
0x000070000cd45410:   000070000cd45430 000000010790de42
0x000070000cd45420:   6d1935ba6a60005d 000070000cd45610
0x000070000cd45430:   0000000000000085 000070000cd45610
0x000070000cd45440:   00007fc73b096e80 000070000cd45468
0x000070000cd45450:   000070000cd454c0 00000001078fbe07
0x000070000cd45460:   0000000000000000 000070000cd45488
0x000070000cd45470:   000000012bd36888 00007fc73b076800
0x000070000cd45480:   0000007b00000078 000000b400000085
0x000070000cd45490:   000000b43b960000 6d1935ba6a60005d
0x000070000cd454a0:   0000000000000140 00007fc73b096cd0
0x000070000cd454b0:   000070000cd45610 0000000000000008
0x000070000cd454c0:   000070000cd454f0 00000001078fbb28
0x000070000cd454d0:   0000000000000000 000070000cd45610
0x000070000cd454e0:   00007fc73b076800 00007fc73b096cd0
0x000070000cd454f0:   000070000cd45510 00000001078fb7d9
0x000070000cd45500:   6d1935ba6a60005d 000070000cd45610
0x000070000cd45510:   000070000cd455b0 00000001078fdef9
0x000070000cd45520:   0000000000000100 0000000000000000
0x000070000cd45530:   000070000cd45570 00007fff735e8a00
0x000070000cd45540:   0000000000000004 0000000107dbfe30
0x000070000cd45550:   0000000000000000 00000001065a0000
0x000070000cd45560:   0000000000000000 00000001065bfc00
0x000070000cd45570:   000070000cd45600 00007fff735e8297
0x000070000cd45580:   0000000000000000 0000000000000000
0x000070000cd45590:   000070000cd45610 000070000cd45708
0x000070000cd455a0:   00007fc73b076800 000070000cd45798
0x000070000cd455b0:   000070000cd45600 0000000107be0998
0x000070000cd455c0:   00007fc73ac3b040 00007fc73b095a00
0x000070000cd455d0:   00007fc73b096c80 00007fc73b09d9e8
0x000070000cd455e0:   00000000000083b0 00007fc73fd38810 

Instructions: (pc=0x000000010780b835)
0x000000010780b735:   31 f1 48 63 c9 48 c1 e1 05 48 8b 54 08 30 48 83
0x000000010780b745:   fa 00 74 11 48 83 c0 28 48 8b 44 08 18 c1 e8 18
0x000000010780b755:   83 e0 01 eb 02 31 c0 5d c3 55 48 89 e5 48 89 f8
0x000000010780b765:   48 8b 08 48 8b 49 10 48 85 c9 74 1c 89 f2 c1 fa
0x000000010780b775:   1f 31 f2 48 63 d2 48 c1 e2 05 48 8d 7c 11 28 48
0x000000010780b785:   89 c6 5d e9 e3 60 00 00 31 c0 5d c3 90 55 48 89
0x000000010780b795:   e5 48 8b 07 48 8b 40 10 48 85 c0 74 2a 89 f1 c1
0x000000010780b7a5:   f9 1f 31 f1 48 63 c9 48 c1 e1 05 48 8b 54 08 30
0x000000010780b7b5:   48 83 fa 00 74 11 48 83 c0 28 48 8b 44 08 18 c1
0x000000010780b7c5:   e8 19 83 e0 01 eb 02 31 c0 5d c3 55 48 89 e5 53
0x000000010780b7d5:   50 48 89 fb e8 22 00 00 00 48 98 0f b7 44 c3 40
0x000000010780b7e5:   48 8b 44 c3 40 48 83 c4 08 5b 5d c3 90 55 48 89
0x000000010780b7f5:   e5 48 63 c6 0f b7 44 c7 40 5d c3 55 48 89 e5 85
0x000000010780b805:   d2 75 22 48 8b 47 10 48 85 c0 74 19 85 f6 79 02
0x000000010780b815:   f7 d6 48 63 d6 48 c1 e2 05 b9 ff ff 00 00 48 23
0x000000010780b825:   4c 10 28 eb 0b 48 8b 47 08 48 63 ce 8a 44 08 04
0x000000010780b835:   0f b7 44 cf 42 5d c3 55 48 89 e5 53 50 48 89 fb
0x000000010780b845:   e8 b6 ff ff ff 48 98 0f b7 44 c3 42 48 8b 44 c3
0x000000010780b855:   40 48 83 c4 08 5b 5d c3 90 55 48 89 e5 48 63 c6
0x000000010780b865:   0f b7 44 c7 42 5d c3 55 48 89 e5 48 8b 47 10 48
0x000000010780b875:   63 ce 48 c1 e1 05 48 8b 44 08 28 0f b7 c0 5d c3
0x000000010780b885:   90 55 48 89 e5 85 d2 75 1e 48 8b 47 10 48 85 c0
0x000000010780b895:   74 15 85 f6 79 02 f7 d6 48 63 ce 48 c1 e1 05 48
0x000000010780b8a5:   8b 44 08 28 0f b7 f0 48 8b 47 08 48 63 ce 8a 44
0x000000010780b8b5:   08 04 5d c3 90 55 48 89 e5 41 57 41 56 53 50 41
0x000000010780b8c5:   89 d7 89 f3 49 89 fe 85 db 79 26 48 8d 3d 39 41
0x000000010780b8d5:   5a 00 48 8d 15 74 41 5a 00 48 8d 0d ac 41 5a 00
0x000000010780b8e5:   be 99 02 00 00 31 c0 e8 c4 6b 00 00 e8 dc d9 3d
0x000000010780b8f5:   00 45 84 ff 75 18 49 8b 46 10 48 85 c0 74 0f 48
0x000000010780b905:   63 cb 48 c1 e1 05 48 8b 44 08 28 0f b7 d8 48 63
0x000000010780b915:   c3 41 0f b7 44 c6 40 48 83 c4 08 5b 41 5e 41 5f
0x000000010780b925:   5d c3 90 55 48 89 e5 41 56 53 49 89 d6 48 89 fb 


Stack slot to memory mapping:
stack at sp + 0 slots: 0x000070000cd45450 is pointing into the stack for thread: 0x00007fc73b076800
stack at sp + 1 slots: 0x00000001078fd5ae: _ZN14GenerateOopMap8do_fieldEiiii+0x44 in /Library/Java/JavaVirtualMachines/jdk-14.0.1.jdk/Contents/Home/lib/server/libjvm.dylib at 0x0000000107600000
stack at sp + 2 slots: 0x000070000cd45468 is pointing into the stack for thread: 0x00007fc73b076800
stack at sp + 3 slots: 0x00007fc73b096e80 points into unknown readable memory: 00 40 e2 bf 76 00 00 00
stack at sp + 4 slots: 0x000070000cd45430 is pointing into the stack for thread: 0x00007fc73b076800
stack at sp + 5 slots: 0x000000010790de42: _ZN12methodHandleC2ERKS_+0x42 in /Library/Java/JavaVirtualMachines/jdk-14.0.1.jdk/Contents/Home/lib/server/libjvm.dylib at 0x0000000107600000
stack at sp + 6 slots: 0x6d1935ba6a60005d is an unknown value
stack at sp + 7 slots: 0x000070000cd45610 is pointing into the stack for thread: 0x00007fc73b076800


---------------  P R O C E S S  ---------------

Threads class SMR info:
_java_thread_list=0x00007fc73ae14830, length=13, elements={
0x00007fc73b009000, 0x00007fc73d00c800, 0x00007fc73d80d800, 0x00007fc73f022800,
0x00007fc73f027000, 0x00007fc73c061000, 0x00007fc73d80e800, 0x00007fc73b075800,
0x00007fc73c074800, 0x00007fc73b076800, 0x00007fc73f0d4800, 0x00007fc73d80f000,
0x00007fc73f0d6000
}

Java Threads: ( => current thread )
  0x00007fc73b009000 JavaThread "main" [_thread_blocked, id=5891, stack(0x000070000bc13000,0x000070000bd13000)]
  0x00007fc73d00c800 JavaThread "Reference Handler" daemon [_thread_blocked, id=15875, stack(0x000070000c328000,0x000070000c428000)]
  0x00007fc73d80d800 JavaThread "Finalizer" daemon [_thread_blocked, id=18947, stack(0x000070000c42b000,0x000070000c52b000)]
  0x00007fc73f022800 JavaThread "Signal Dispatcher" daemon [_thread_blocked, id=22531, stack(0x000070000c634000,0x000070000c734000)]
  0x00007fc73f027000 JavaThread "Service Thread" daemon [_thread_blocked, id=42499, stack(0x000070000c737000,0x000070000c837000)]
  0x00007fc73c061000 JavaThread "C2 CompilerThread0" daemon [_thread_blocked, id=23299, stack(0x000070000c83a000,0x000070000c93a000)]
  0x00007fc73d80e800 JavaThread "C1 CompilerThread0" daemon [_thread_blocked, id=23811, stack(0x000070000c93d000,0x000070000ca3d000)]
  0x00007fc73b075800 JavaThread "Sweeper thread" daemon [_thread_blocked, id=41475, stack(0x000070000ca40000,0x000070000cb40000)]
  0x00007fc73c074800 JavaThread "Common-Cleaner" daemon [_thread_blocked, id=41219, stack(0x000070000cb43000,0x000070000cc43000)]
=>0x00007fc73b076800 JavaThread "JDWP Transport Listener: dt_socket" daemon [_thread_in_vm, id=24835, stack(0x000070000cc46000,0x000070000cd46000)]
  0x00007fc73f0d4800 JavaThread "JDWP Event Helper Thread" daemon [_thread_blocked, id=25603, stack(0x000070000cd49000,0x000070000ce49000)]
  0x00007fc73d80f000 JavaThread "JDWP Command Reader" daemon [_thread_in_native, id=40451, stack(0x000070000ce4c000,0x000070000cf4c000)]
  0x00007fc73f0d6000 JavaThread "Notification Thread" daemon [_thread_blocked, id=26371, stack(0x000070000d052000,0x000070000d152000)]

Other Threads:
  0x00007fc73d814800 VMThread "VM Thread" [stack: 0x000070000c225000,0x000070000c325000] [id=15363]
  0x00007fc74000b000 WatcherThread [stack: 0x000070000d155000,0x000070000d255000] [id=38915]
  0x00007fc73f020800 GCTaskThread "GC Thread#0" [stack: 0x000070000bd16000,0x000070000be16000] [id=12803]
  0x00007fc73b00a000 ConcurrentGCThread "G1 Main Marker" [stack: 0x000070000be19000,0x000070000bf19000] [id=13315]
  0x00007fc73b023800 ConcurrentGCThread "G1 Conc#0" [stack: 0x000070000bf1c000,0x000070000c01c000] [id=14339]
  0x00007fc73c05b000 ConcurrentGCThread "G1 Refine#0" [stack: 0x000070000c01f000,0x000070000c11f000] [id=19971]
  0x00007fc73c05c000 ConcurrentGCThread "G1 Young RemSet Sampling" [stack: 0x000070000c122000,0x000070000c222000] [id=14851]

Threads with active compile tasks:

VM state:not at safepoint (normal execution)

VM Mutex/Monitor currently owned by a thread: None

Heap address: 0x0000000700000000, size: 4096 MB, Compressed Oops mode: Zero based, Oop shift amount: 3
Narrow klass base: 0x0000000800000000, Narrow klass shift: 3
Compressed class space size: 1073741824 Address: 0x0000000800b05000

Heap:
 garbage-first heap   total 264192K, used 4912K [0x0000000700000000, 0x0000000800000000)
  region size 1024K, 5 young (5120K), 0 survivors (0K)
 Metaspace       used 2796K, capacity 4974K, committed 5120K, reserved 1056768K
  class space    used 271K, capacity 443K, committed 512K, reserved 1048576K
Heap Regions: E=young(eden), S=young(survivor), O=old, HS=humongous(starts), HC=humongous(continues), CS=collection set, F=free, OA=open archive, CA=closed archive, TAMS=top-at-mark-start (previous, next)
|   0|0x0000000700000000, 0x0000000700000000, 0x0000000700100000|  0%| F|  |TAMS 0x0000000700000000, 0x0000000700000000| Untracked 
|   1|0x0000000700100000, 0x0000000700100000, 0x0000000700200000|  0%| F|  |TAMS 0x0000000700100000, 0x0000000700100000| Untracked 
|   2|0x0000000700200000, 0x0000000700200000, 0x0000000700300000|  0%| F|  |TAMS 0x0000000700200000, 0x0000000700200000| Untracked 
|   3|0x0000000700300000, 0x0000000700300000, 0x0000000700400000|  0%| F|  |TAMS 0x0000000700300000, 0x0000000700300000| Untracked 
|   4|0x0000000700400000, 0x0000000700400000, 0x0000000700500000|  0%| F|  |TAMS 0x0000000700400000, 0x0000000700400000| Untracked 
|   5|0x0000000700500000, 0x0000000700500000, 0x0000000700600000|  0%| F|  |TAMS 0x0000000700500000, 0x0000000700500000| Untracked 
|   6|0x0000000700600000, 0x0000000700600000, 0x0000000700700000|  0%| F|  |TAMS 0x0000000700600000, 0x0000000700600000| Untracked 
|   7|0x0000000700700000, 0x0000000700700000, 0x0000000700800000|  0%| F|  |TAMS 0x0000000700700000, 0x0000000700700000| Untracked 
|   8|0x0000000700800000, 0x0000000700800000, 0x0000000700900000|  0%| F|  |TAMS 0x0000000700800000, 0x0000000700800000| Untracked 
|   9|0x0000000700900000, 0x0000000700900000, 0x0000000700a00000|  0%| F|  |TAMS 0x0000000700900000, 0x0000000700900000| Untracked 
|  10|0x0000000700a00000, 0x0000000700a00000, 0x0000000700b00000|  0%| F|  |TAMS 0x0000000700a00000, 0x0000000700a00000| Untracked 
|  11|0x0000000700b00000, 0x0000000700b00000, 0x0000000700c00000|  0%| F|  |TAMS 0x0000000700b00000, 0x0000000700b00000| Untracked 
|  12|0x0000000700c00000, 0x0000000700c00000, 0x0000000700d00000|  0%| F|  |TAMS 0x0000000700c00000, 0x0000000700c00000| Untracked 
|  13|0x0000000700d00000, 0x0000000700d00000, 0x0000000700e00000|  0%| F|  |TAMS 0x0000000700d00000, 0x0000000700d00000| Untracked 
|  14|0x0000000700e00000, 0x0000000700e00000, 0x0000000700f00000|  0%| F|  |TAMS 0x0000000700e00000, 0x0000000700e00000| Untracked 
|  15|0x0000000700f00000, 0x0000000700f00000, 0x0000000701000000|  0%| F|  |TAMS 0x0000000700f00000, 0x0000000700f00000| Untracked 
|  16|0x0000000701000000, 0x0000000701000000, 0x0000000701100000|  0%| F|  |TAMS 0x0000000701000000, 0x0000000701000000| Untracked 
|  17|0x0000000701100000, 0x0000000701100000, 0x0000000701200000|  0%| F|  |TAMS 0x0000000701100000, 0x0000000701100000| Untracked 
|  18|0x0000000701200000, 0x0000000701200000, 0x0000000701300000|  0%| F|  |TAMS 0x0000000701200000, 0x0000000701200000| Untracked 
|  19|0x0000000701300000, 0x0000000701300000, 0x0000000701400000|  0%| F|  |TAMS 0x0000000701300000, 0x0000000701300000| Untracked 
|  20|0x0000000701400000, 0x0000000701400000, 0x0000000701500000|  0%| F|  |TAMS 0x0000000701400000, 0x0000000701400000| Untracked 
|  21|0x0000000701500000, 0x0000000701500000, 0x0000000701600000|  0%| F|  |TAMS 0x0000000701500000, 0x0000000701500000| Untracked 
|  22|0x0000000701600000, 0x0000000701600000, 0x0000000701700000|  0%| F|  |TAMS 0x0000000701600000, 0x0000000701600000| Untracked 
|  23|0x0000000701700000, 0x0000000701700000, 0x0000000701800000|  0%| F|  |TAMS 0x0000000701700000, 0x0000000701700000| Untracked 
|  24|0x0000000701800000, 0x0000000701800000, 0x0000000701900000|  0%| F|  |TAMS 0x0000000701800000, 0x0000000701800000| Untracked 
|  25|0x0000000701900000, 0x0000000701900000, 0x0000000701a00000|  0%| F|  |TAMS 0x0000000701900000, 0x0000000701900000| Untracked 
|  26|0x0000000701a00000, 0x0000000701a00000, 0x0000000701b00000|  0%| F|  |TAMS 0x0000000701a00000, 0x0000000701a00000| Untracked 
|  27|0x0000000701b00000, 0x0000000701b00000, 0x0000000701c00000|  0%| F|  |TAMS 0x0000000701b00000, 0x0000000701b00000| Untracked 
|  28|0x0000000701c00000, 0x0000000701c00000, 0x0000000701d00000|  0%| F|  |TAMS 0x0000000701c00000, 0x0000000701c00000| Untracked 
|  29|0x0000000701d00000, 0x0000000701d00000, 0x0000000701e00000|  0%| F|  |TAMS 0x0000000701d00000, 0x0000000701d00000| Untracked 
|  30|0x0000000701e00000, 0x0000000701e00000, 0x0000000701f00000|  0%| F|  |TAMS 0x0000000701e00000, 0x0000000701e00000| Untracked 
|  31|0x0000000701f00000, 0x0000000701f00000, 0x0000000702000000|  0%| F|  |TAMS 0x0000000701f00000, 0x0000000701f00000| Untracked 
|  32|0x0000000702000000, 0x0000000702000000, 0x0000000702100000|  0%| F|  |TAMS 0x0000000702000000, 0x0000000702000000| Untracked 
|  33|0x0000000702100000, 0x0000000702100000, 0x0000000702200000|  0%| F|  |TAMS 0x0000000702100000, 0x0000000702100000| Untracked 
|  34|0x0000000702200000, 0x0000000702200000, 0x0000000702300000|  0%| F|  |TAMS 0x0000000702200000, 0x0000000702200000| Untracked 
|  35|0x0000000702300000, 0x0000000702300000, 0x0000000702400000|  0%| F|  |TAMS 0x0000000702300000, 0x0000000702300000| Untracked 
|  36|0x0000000702400000, 0x0000000702400000, 0x0000000702500000|  0%| F|  |TAMS 0x0000000702400000, 0x0000000702400000| Untracked 
|  37|0x0000000702500000, 0x0000000702500000, 0x0000000702600000|  0%| F|  |TAMS 0x0000000702500000, 0x0000000702500000| Untracked 
|  38|0x0000000702600000, 0x0000000702600000, 0x0000000702700000|  0%| F|  |TAMS 0x0000000702600000, 0x0000000702600000| Untracked 
|  39|0x0000000702700000, 0x0000000702700000, 0x0000000702800000|  0%| F|  |TAMS 0x0000000702700000, 0x0000000702700000| Untracked 
|  40|0x0000000702800000, 0x0000000702800000, 0x0000000702900000|  0%| F|  |TAMS 0x0000000702800000, 0x0000000702800000| Untracked 
|  41|0x0000000702900000, 0x0000000702900000, 0x0000000702a00000|  0%| F|  |TAMS 0x0000000702900000, 0x0000000702900000| Untracked 
|  42|0x0000000702a00000, 0x0000000702a00000, 0x0000000702b00000|  0%| F|  |TAMS 0x0000000702a00000, 0x0000000702a00000| Untracked 
|  43|0x0000000702b00000, 0x0000000702b00000, 0x0000000702c00000|  0%| F|  |TAMS 0x0000000702b00000, 0x0000000702b00000| Untracked 
|  44|0x0000000702c00000, 0x0000000702c00000, 0x0000000702d00000|  0%| F|  |TAMS 0x0000000702c00000, 0x0000000702c00000| Untracked 
|  45|0x0000000702d00000, 0x0000000702d00000, 0x0000000702e00000|  0%| F|  |TAMS 0x0000000702d00000, 0x0000000702d00000| Untracked 
|  46|0x0000000702e00000, 0x0000000702e00000, 0x0000000702f00000|  0%| F|  |TAMS 0x0000000702e00000, 0x0000000702e00000| Untracked 
|  47|0x0000000702f00000, 0x0000000702f00000, 0x0000000703000000|  0%| F|  |TAMS 0x0000000702f00000, 0x0000000702f00000| Untracked 
|  48|0x0000000703000000, 0x0000000703000000, 0x0000000703100000|  0%| F|  |TAMS 0x0000000703000000, 0x0000000703000000| Untracked 
|  49|0x0000000703100000, 0x0000000703100000, 0x0000000703200000|  0%| F|  |TAMS 0x0000000703100000, 0x0000000703100000| Untracked 
|  50|0x0000000703200000, 0x0000000703200000, 0x0000000703300000|  0%| F|  |TAMS 0x0000000703200000, 0x0000000703200000| Untracked 
|  51|0x0000000703300000, 0x0000000703300000, 0x0000000703400000|  0%| F|  |TAMS 0x0000000703300000, 0x0000000703300000| Untracked 
|  52|0x0000000703400000, 0x0000000703400000, 0x0000000703500000|  0%| F|  |TAMS 0x0000000703400000, 0x0000000703400000| Untracked 
|  53|0x0000000703500000, 0x0000000703500000, 0x0000000703600000|  0%| F|  |TAMS 0x0000000703500000, 0x0000000703500000| Untracked 
|  54|0x0000000703600000, 0x0000000703600000, 0x0000000703700000|  0%| F|  |TAMS 0x0000000703600000, 0x0000000703600000| Untracked 
|  55|0x0000000703700000, 0x0000000703700000, 0x0000000703800000|  0%| F|  |TAMS 0x0000000703700000, 0x0000000703700000| Untracked 
|  56|0x0000000703800000, 0x0000000703800000, 0x0000000703900000|  0%| F|  |TAMS 0x0000000703800000, 0x0000000703800000| Untracked 
|  57|0x0000000703900000, 0x0000000703900000, 0x0000000703a00000|  0%| F|  |TAMS 0x0000000703900000, 0x0000000703900000| Untracked 
|  58|0x0000000703a00000, 0x0000000703a00000, 0x0000000703b00000|  0%| F|  |TAMS 0x0000000703a00000, 0x0000000703a00000| Untracked 
|  59|0x0000000703b00000, 0x0000000703b00000, 0x0000000703c00000|  0%| F|  |TAMS 0x0000000703b00000, 0x0000000703b00000| Untracked 
|  60|0x0000000703c00000, 0x0000000703c00000, 0x0000000703d00000|  0%| F|  |TAMS 0x0000000703c00000, 0x0000000703c00000| Untracked 
|  61|0x0000000703d00000, 0x0000000703d00000, 0x0000000703e00000|  0%| F|  |TAMS 0x0000000703d00000, 0x0000000703d00000| Untracked 
|  62|0x0000000703e00000, 0x0000000703e00000, 0x0000000703f00000|  0%| F|  |TAMS 0x0000000703e00000, 0x0000000703e00000| Untracked 
|  63|0x0000000703f00000, 0x0000000703f00000, 0x0000000704000000|  0%| F|  |TAMS 0x0000000703f00000, 0x0000000703f00000| Untracked 
|  64|0x0000000704000000, 0x0000000704000000, 0x0000000704100000|  0%| F|  |TAMS 0x0000000704000000, 0x0000000704000000| Untracked 
|  65|0x0000000704100000, 0x0000000704100000, 0x0000000704200000|  0%| F|  |TAMS 0x0000000704100000, 0x0000000704100000| Untracked 
|  66|0x0000000704200000, 0x0000000704200000, 0x0000000704300000|  0%| F|  |TAMS 0x0000000704200000, 0x0000000704200000| Untracked 
|  67|0x0000000704300000, 0x0000000704300000, 0x0000000704400000|  0%| F|  |TAMS 0x0000000704300000, 0x0000000704300000| Untracked 
|  68|0x0000000704400000, 0x0000000704400000, 0x0000000704500000|  0%| F|  |TAMS 0x0000000704400000, 0x0000000704400000| Untracked 
|  69|0x0000000704500000, 0x0000000704500000, 0x0000000704600000|  0%| F|  |TAMS 0x0000000704500000, 0x0000000704500000| Untracked 
|  70|0x0000000704600000, 0x0000000704600000, 0x0000000704700000|  0%| F|  |TAMS 0x0000000704600000, 0x0000000704600000| Untracked 
|  71|0x0000000704700000, 0x0000000704700000, 0x0000000704800000|  0%| F|  |TAMS 0x0000000704700000, 0x0000000704700000| Untracked 
|  72|0x0000000704800000, 0x0000000704800000, 0x0000000704900000|  0%| F|  |TAMS 0x0000000704800000, 0x0000000704800000| Untracked 
|  73|0x0000000704900000, 0x0000000704900000, 0x0000000704a00000|  0%| F|  |TAMS 0x0000000704900000, 0x0000000704900000| Untracked 
|  74|0x0000000704a00000, 0x0000000704a00000, 0x0000000704b00000|  0%| F|  |TAMS 0x0000000704a00000, 0x0000000704a00000| Untracked 
|  75|0x0000000704b00000, 0x0000000704b00000, 0x0000000704c00000|  0%| F|  |TAMS 0x0000000704b00000, 0x0000000704b00000| Untracked 
|  76|0x0000000704c00000, 0x0000000704c00000, 0x0000000704d00000|  0%| F|  |TAMS 0x0000000704c00000, 0x0000000704c00000| Untracked 
|  77|0x0000000704d00000, 0x0000000704d00000, 0x0000000704e00000|  0%| F|  |TAMS 0x0000000704d00000, 0x0000000704d00000| Untracked 
|  78|0x0000000704e00000, 0x0000000704e00000, 0x0000000704f00000|  0%| F|  |TAMS 0x0000000704e00000, 0x0000000704e00000| Untracked 
|  79|0x0000000704f00000, 0x0000000704f00000, 0x0000000705000000|  0%| F|  |TAMS 0x0000000704f00000, 0x0000000704f00000| Untracked 
|  80|0x0000000705000000, 0x0000000705000000, 0x0000000705100000|  0%| F|  |TAMS 0x0000000705000000, 0x0000000705000000| Untracked 
|  81|0x0000000705100000, 0x0000000705100000, 0x0000000705200000|  0%| F|  |TAMS 0x0000000705100000, 0x0000000705100000| Untracked 
|  82|0x0000000705200000, 0x0000000705200000, 0x0000000705300000|  0%| F|  |TAMS 0x0000000705200000, 0x0000000705200000| Untracked 
|  83|0x0000000705300000, 0x0000000705300000, 0x0000000705400000|  0%| F|  |TAMS 0x0000000705300000, 0x0000000705300000| Untracked 
|  84|0x0000000705400000, 0x0000000705400000, 0x0000000705500000|  0%| F|  |TAMS 0x0000000705400000, 0x0000000705400000| Untracked 
|  85|0x0000000705500000, 0x0000000705500000, 0x0000000705600000|  0%| F|  |TAMS 0x0000000705500000, 0x0000000705500000| Untracked 
|  86|0x0000000705600000, 0x0000000705600000, 0x0000000705700000|  0%| F|  |TAMS 0x0000000705600000, 0x0000000705600000| Untracked 
|  87|0x0000000705700000, 0x0000000705700000, 0x0000000705800000|  0%| F|  |TAMS 0x0000000705700000, 0x0000000705700000| Untracked 
|  88|0x0000000705800000, 0x0000000705800000, 0x0000000705900000|  0%| F|  |TAMS 0x0000000705800000, 0x0000000705800000| Untracked 
|  89|0x0000000705900000, 0x0000000705900000, 0x0000000705a00000|  0%| F|  |TAMS 0x0000000705900000, 0x0000000705900000| Untracked 
|  90|0x0000000705a00000, 0x0000000705a00000, 0x0000000705b00000|  0%| F|  |TAMS 0x0000000705a00000, 0x0000000705a00000| Untracked 
|  91|0x0000000705b00000, 0x0000000705b00000, 0x0000000705c00000|  0%| F|  |TAMS 0x0000000705b00000, 0x0000000705b00000| Untracked 
|  92|0x0000000705c00000, 0x0000000705c00000, 0x0000000705d00000|  0%| F|  |TAMS 0x0000000705c00000, 0x0000000705c00000| Untracked 
|  93|0x0000000705d00000, 0x0000000705d00000, 0x0000000705e00000|  0%| F|  |TAMS 0x0000000705d00000, 0x0000000705d00000| Untracked 
|  94|0x0000000705e00000, 0x0000000705e00000, 0x0000000705f00000|  0%| F|  |TAMS 0x0000000705e00000, 0x0000000705e00000| Untracked 
|  95|0x0000000705f00000, 0x0000000705f00000, 0x0000000706000000|  0%| F|  |TAMS 0x0000000705f00000, 0x0000000705f00000| Untracked 
|  96|0x0000000706000000, 0x0000000706000000, 0x0000000706100000|  0%| F|  |TAMS 0x0000000706000000, 0x0000000706000000| Untracked 
|  97|0x0000000706100000, 0x0000000706100000, 0x0000000706200000|  0%| F|  |TAMS 0x0000000706100000, 0x0000000706100000| Untracked 
|  98|0x0000000706200000, 0x0000000706200000, 0x0000000706300000|  0%| F|  |TAMS 0x0000000706200000, 0x0000000706200000| Untracked 
|  99|0x0000000706300000, 0x0000000706300000, 0x0000000706400000|  0%| F|  |TAMS 0x0000000706300000, 0x0000000706300000| Untracked 
| 100|0x0000000706400000, 0x0000000706400000, 0x0000000706500000|  0%| F|  |TAMS 0x0000000706400000, 0x0000000706400000| Untracked 
| 101|0x0000000706500000, 0x0000000706500000, 0x0000000706600000|  0%| F|  |TAMS 0x0000000706500000, 0x0000000706500000| Untracked 
| 102|0x0000000706600000, 0x0000000706600000, 0x0000000706700000|  0%| F|  |TAMS 0x0000000706600000, 0x0000000706600000| Untracked 
| 103|0x0000000706700000, 0x0000000706700000, 0x0000000706800000|  0%| F|  |TAMS 0x0000000706700000, 0x0000000706700000| Untracked 
| 104|0x0000000706800000, 0x0000000706800000, 0x0000000706900000|  0%| F|  |TAMS 0x0000000706800000, 0x0000000706800000| Untracked 
| 105|0x0000000706900000, 0x0000000706900000, 0x0000000706a00000|  0%| F|  |TAMS 0x0000000706900000, 0x0000000706900000| Untracked 
| 106|0x0000000706a00000, 0x0000000706a00000, 0x0000000706b00000|  0%| F|  |TAMS 0x0000000706a00000, 0x0000000706a00000| Untracked 
| 107|0x0000000706b00000, 0x0000000706b00000, 0x0000000706c00000|  0%| F|  |TAMS 0x0000000706b00000, 0x0000000706b00000| Untracked 
| 108|0x0000000706c00000, 0x0000000706c00000, 0x0000000706d00000|  0%| F|  |TAMS 0x0000000706c00000, 0x0000000706c00000| Untracked 
| 109|0x0000000706d00000, 0x0000000706d00000, 0x0000000706e00000|  0%| F|  |TAMS 0x0000000706d00000, 0x0000000706d00000| Untracked 
| 110|0x0000000706e00000, 0x0000000706e00000, 0x0000000706f00000|  0%| F|  |TAMS 0x0000000706e00000, 0x0000000706e00000| Untracked 
| 111|0x0000000706f00000, 0x0000000706f00000, 0x0000000707000000|  0%| F|  |TAMS 0x0000000706f00000, 0x0000000706f00000| Untracked 
| 112|0x0000000707000000, 0x0000000707000000, 0x0000000707100000|  0%| F|  |TAMS 0x0000000707000000, 0x0000000707000000| Untracked 
| 113|0x0000000707100000, 0x0000000707100000, 0x0000000707200000|  0%| F|  |TAMS 0x0000000707100000, 0x0000000707100000| Untracked 
| 114|0x0000000707200000, 0x0000000707200000, 0x0000000707300000|  0%| F|  |TAMS 0x0000000707200000, 0x0000000707200000| Untracked 
| 115|0x0000000707300000, 0x0000000707300000, 0x0000000707400000|  0%| F|  |TAMS 0x0000000707300000, 0x0000000707300000| Untracked 
| 116|0x0000000707400000, 0x0000000707400000, 0x0000000707500000|  0%| F|  |TAMS 0x0000000707400000, 0x0000000707400000| Untracked 
| 117|0x0000000707500000, 0x0000000707500000, 0x0000000707600000|  0%| F|  |TAMS 0x0000000707500000, 0x0000000707500000| Untracked 
| 118|0x0000000707600000, 0x0000000707600000, 0x0000000707700000|  0%| F|  |TAMS 0x0000000707600000, 0x0000000707600000| Untracked 
| 119|0x0000000707700000, 0x0000000707700000, 0x0000000707800000|  0%| F|  |TAMS 0x0000000707700000, 0x0000000707700000| Untracked 
| 120|0x0000000707800000, 0x0000000707800000, 0x0000000707900000|  0%| F|  |TAMS 0x0000000707800000, 0x0000000707800000| Untracked 
| 121|0x0000000707900000, 0x0000000707900000, 0x0000000707a00000|  0%| F|  |TAMS 0x0000000707900000, 0x0000000707900000| Untracked 
| 122|0x0000000707a00000, 0x0000000707a00000, 0x0000000707b00000|  0%| F|  |TAMS 0x0000000707a00000, 0x0000000707a00000| Untracked 
| 123|0x0000000707b00000, 0x0000000707b00000, 0x0000000707c00000|  0%| F|  |TAMS 0x0000000707b00000, 0x0000000707b00000| Untracked 
| 124|0x0000000707c00000, 0x0000000707c00000, 0x0000000707d00000|  0%| F|  |TAMS 0x0000000707c00000, 0x0000000707c00000| Untracked 
| 125|0x0000000707d00000, 0x0000000707d00000, 0x0000000707e00000|  0%| F|  |TAMS 0x0000000707d00000, 0x0000000707d00000| Untracked 
| 126|0x0000000707e00000, 0x0000000707e00000, 0x0000000707f00000|  0%| F|  |TAMS 0x0000000707e00000, 0x0000000707e00000| Untracked 
| 127|0x0000000707f00000, 0x0000000707f00000, 0x0000000708000000|  0%| F|  |TAMS 0x0000000707f00000, 0x0000000707f00000| Untracked 
| 128|0x0000000708000000, 0x0000000708000000, 0x0000000708100000|  0%| F|  |TAMS 0x0000000708000000, 0x0000000708000000| Untracked 
| 129|0x0000000708100000, 0x0000000708100000, 0x0000000708200000|  0%| F|  |TAMS 0x0000000708100000, 0x0000000708100000| Untracked 
| 130|0x0000000708200000, 0x0000000708200000, 0x0000000708300000|  0%| F|  |TAMS 0x0000000708200000, 0x0000000708200000| Untracked 
| 131|0x0000000708300000, 0x0000000708300000, 0x0000000708400000|  0%| F|  |TAMS 0x0000000708300000, 0x0000000708300000| Untracked 
| 132|0x0000000708400000, 0x0000000708400000, 0x0000000708500000|  0%| F|  |TAMS 0x0000000708400000, 0x0000000708400000| Untracked 
| 133|0x0000000708500000, 0x0000000708500000, 0x0000000708600000|  0%| F|  |TAMS 0x0000000708500000, 0x0000000708500000| Untracked 
| 134|0x0000000708600000, 0x0000000708600000, 0x0000000708700000|  0%| F|  |TAMS 0x0000000708600000, 0x0000000708600000| Untracked 
| 135|0x0000000708700000, 0x0000000708700000, 0x0000000708800000|  0%| F|  |TAMS 0x0000000708700000, 0x0000000708700000| Untracked 
| 136|0x0000000708800000, 0x0000000708800000, 0x0000000708900000|  0%| F|  |TAMS 0x0000000708800000, 0x0000000708800000| Untracked 
| 137|0x0000000708900000, 0x0000000708900000, 0x0000000708a00000|  0%| F|  |TAMS 0x0000000708900000, 0x0000000708900000| Untracked 
| 138|0x0000000708a00000, 0x0000000708a00000, 0x0000000708b00000|  0%| F|  |TAMS 0x0000000708a00000, 0x0000000708a00000| Untracked 
| 139|0x0000000708b00000, 0x0000000708b00000, 0x0000000708c00000|  0%| F|  |TAMS 0x0000000708b00000, 0x0000000708b00000| Untracked 
| 140|0x0000000708c00000, 0x0000000708c00000, 0x0000000708d00000|  0%| F|  |TAMS 0x0000000708c00000, 0x0000000708c00000| Untracked 
| 141|0x0000000708d00000, 0x0000000708d00000, 0x0000000708e00000|  0%| F|  |TAMS 0x0000000708d00000, 0x0000000708d00000| Untracked 
| 142|0x0000000708e00000, 0x0000000708e00000, 0x0000000708f00000|  0%| F|  |TAMS 0x0000000708e00000, 0x0000000708e00000| Untracked 
| 143|0x0000000708f00000, 0x0000000708f00000, 0x0000000709000000|  0%| F|  |TAMS 0x0000000708f00000, 0x0000000708f00000| Untracked 
| 144|0x0000000709000000, 0x0000000709000000, 0x0000000709100000|  0%| F|  |TAMS 0x0000000709000000, 0x0000000709000000| Untracked 
| 145|0x0000000709100000, 0x0000000709100000, 0x0000000709200000|  0%| F|  |TAMS 0x0000000709100000, 0x0000000709100000| Untracked 
| 146|0x0000000709200000, 0x0000000709200000, 0x0000000709300000|  0%| F|  |TAMS 0x0000000709200000, 0x0000000709200000| Untracked 
| 147|0x0000000709300000, 0x0000000709300000, 0x0000000709400000|  0%| F|  |TAMS 0x0000000709300000, 0x0000000709300000| Untracked 
| 148|0x0000000709400000, 0x0000000709400000, 0x0000000709500000|  0%| F|  |TAMS 0x0000000709400000, 0x0000000709400000| Untracked 
| 149|0x0000000709500000, 0x0000000709500000, 0x0000000709600000|  0%| F|  |TAMS 0x0000000709500000, 0x0000000709500000| Untracked 
| 150|0x0000000709600000, 0x0000000709600000, 0x0000000709700000|  0%| F|  |TAMS 0x0000000709600000, 0x0000000709600000| Untracked 
| 151|0x0000000709700000, 0x0000000709700000, 0x0000000709800000|  0%| F|  |TAMS 0x0000000709700000, 0x0000000709700000| Untracked 
| 152|0x0000000709800000, 0x0000000709800000, 0x0000000709900000|  0%| F|  |TAMS 0x0000000709800000, 0x0000000709800000| Untracked 
| 153|0x0000000709900000, 0x0000000709900000, 0x0000000709a00000|  0%| F|  |TAMS 0x0000000709900000, 0x0000000709900000| Untracked 
| 154|0x0000000709a00000, 0x0000000709a00000, 0x0000000709b00000|  0%| F|  |TAMS 0x0000000709a00000, 0x0000000709a00000| Untracked 
| 155|0x0000000709b00000, 0x0000000709b00000, 0x0000000709c00000|  0%| F|  |TAMS 0x0000000709b00000, 0x0000000709b00000| Untracked 
| 156|0x0000000709c00000, 0x0000000709c00000, 0x0000000709d00000|  0%| F|  |TAMS 0x0000000709c00000, 0x0000000709c00000| Untracked 
| 157|0x0000000709d00000, 0x0000000709d00000, 0x0000000709e00000|  0%| F|  |TAMS 0x0000000709d00000, 0x0000000709d00000| Untracked 
| 158|0x0000000709e00000, 0x0000000709e00000, 0x0000000709f00000|  0%| F|  |TAMS 0x0000000709e00000, 0x0000000709e00000| Untracked 
| 159|0x0000000709f00000, 0x0000000709f00000, 0x000000070a000000|  0%| F|  |TAMS 0x0000000709f00000, 0x0000000709f00000| Untracked 
| 160|0x000000070a000000, 0x000000070a000000, 0x000000070a100000|  0%| F|  |TAMS 0x000000070a000000, 0x000000070a000000| Untracked 
| 161|0x000000070a100000, 0x000000070a100000, 0x000000070a200000|  0%| F|  |TAMS 0x000000070a100000, 0x000000070a100000| Untracked 
| 162|0x000000070a200000, 0x000000070a200000, 0x000000070a300000|  0%| F|  |TAMS 0x000000070a200000, 0x000000070a200000| Untracked 
| 163|0x000000070a300000, 0x000000070a300000, 0x000000070a400000|  0%| F|  |TAMS 0x000000070a300000, 0x000000070a300000| Untracked 
| 164|0x000000070a400000, 0x000000070a400000, 0x000000070a500000|  0%| F|  |TAMS 0x000000070a400000, 0x000000070a400000| Untracked 
| 165|0x000000070a500000, 0x000000070a500000, 0x000000070a600000|  0%| F|  |TAMS 0x000000070a500000, 0x000000070a500000| Untracked 
| 166|0x000000070a600000, 0x000000070a600000, 0x000000070a700000|  0%| F|  |TAMS 0x000000070a600000, 0x000000070a600000| Untracked 
| 167|0x000000070a700000, 0x000000070a700000, 0x000000070a800000|  0%| F|  |TAMS 0x000000070a700000, 0x000000070a700000| Untracked 
| 168|0x000000070a800000, 0x000000070a800000, 0x000000070a900000|  0%| F|  |TAMS 0x000000070a800000, 0x000000070a800000| Untracked 
| 169|0x000000070a900000, 0x000000070a900000, 0x000000070aa00000|  0%| F|  |TAMS 0x000000070a900000, 0x000000070a900000| Untracked 
| 170|0x000000070aa00000, 0x000000070aa00000, 0x000000070ab00000|  0%| F|  |TAMS 0x000000070aa00000, 0x000000070aa00000| Untracked 
| 171|0x000000070ab00000, 0x000000070ab00000, 0x000000070ac00000|  0%| F|  |TAMS 0x000000070ab00000, 0x000000070ab00000| Untracked 
| 172|0x000000070ac00000, 0x000000070ac00000, 0x000000070ad00000|  0%| F|  |TAMS 0x000000070ac00000, 0x000000070ac00000| Untracked 
| 173|0x000000070ad00000, 0x000000070ad00000, 0x000000070ae00000|  0%| F|  |TAMS 0x000000070ad00000, 0x000000070ad00000| Untracked 
| 174|0x000000070ae00000, 0x000000070ae00000, 0x000000070af00000|  0%| F|  |TAMS 0x000000070ae00000, 0x000000070ae00000| Untracked 
| 175|0x000000070af00000, 0x000000070af00000, 0x000000070b000000|  0%| F|  |TAMS 0x000000070af00000, 0x000000070af00000| Untracked 
| 176|0x000000070b000000, 0x000000070b000000, 0x000000070b100000|  0%| F|  |TAMS 0x000000070b000000, 0x000000070b000000| Untracked 
| 177|0x000000070b100000, 0x000000070b100000, 0x000000070b200000|  0%| F|  |TAMS 0x000000070b100000, 0x000000070b100000| Untracked 
| 178|0x000000070b200000, 0x000000070b200000, 0x000000070b300000|  0%| F|  |TAMS 0x000000070b200000, 0x000000070b200000| Untracked 
| 179|0x000000070b300000, 0x000000070b300000, 0x000000070b400000|  0%| F|  |TAMS 0x000000070b300000, 0x000000070b300000| Untracked 
| 180|0x000000070b400000, 0x000000070b400000, 0x000000070b500000|  0%| F|  |TAMS 0x000000070b400000, 0x000000070b400000| Untracked 
| 181|0x000000070b500000, 0x000000070b500000, 0x000000070b600000|  0%| F|  |TAMS 0x000000070b500000, 0x000000070b500000| Untracked 
| 182|0x000000070b600000, 0x000000070b600000, 0x000000070b700000|  0%| F|  |TAMS 0x000000070b600000, 0x000000070b600000| Untracked 
| 183|0x000000070b700000, 0x000000070b700000, 0x000000070b800000|  0%| F|  |TAMS 0x000000070b700000, 0x000000070b700000| Untracked 
| 184|0x000000070b800000, 0x000000070b800000, 0x000000070b900000|  0%| F|  |TAMS 0x000000070b800000, 0x000000070b800000| Untracked 
| 185|0x000000070b900000, 0x000000070b900000, 0x000000070ba00000|  0%| F|  |TAMS 0x000000070b900000, 0x000000070b900000| Untracked 
| 186|0x000000070ba00000, 0x000000070ba00000, 0x000000070bb00000|  0%| F|  |TAMS 0x000000070ba00000, 0x000000070ba00000| Untracked 
| 187|0x000000070bb00000, 0x000000070bb00000, 0x000000070bc00000|  0%| F|  |TAMS 0x000000070bb00000, 0x000000070bb00000| Untracked 
| 188|0x000000070bc00000, 0x000000070bc00000, 0x000000070bd00000|  0%| F|  |TAMS 0x000000070bc00000, 0x000000070bc00000| Untracked 
| 189|0x000000070bd00000, 0x000000070bd00000, 0x000000070be00000|  0%| F|  |TAMS 0x000000070bd00000, 0x000000070bd00000| Untracked 
| 190|0x000000070be00000, 0x000000070be00000, 0x000000070bf00000|  0%| F|  |TAMS 0x000000070be00000, 0x000000070be00000| Untracked 
| 191|0x000000070bf00000, 0x000000070bf00000, 0x000000070c000000|  0%| F|  |TAMS 0x000000070bf00000, 0x000000070bf00000| Untracked 
| 192|0x000000070c000000, 0x000000070c000000, 0x000000070c100000|  0%| F|  |TAMS 0x000000070c000000, 0x000000070c000000| Untracked 
| 193|0x000000070c100000, 0x000000070c100000, 0x000000070c200000|  0%| F|  |TAMS 0x000000070c100000, 0x000000070c100000| Untracked 
| 194|0x000000070c200000, 0x000000070c200000, 0x000000070c300000|  0%| F|  |TAMS 0x000000070c200000, 0x000000070c200000| Untracked 
| 195|0x000000070c300000, 0x000000070c300000, 0x000000070c400000|  0%| F|  |TAMS 0x000000070c300000, 0x000000070c300000| Untracked 
| 196|0x000000070c400000, 0x000000070c400000, 0x000000070c500000|  0%| F|  |TAMS 0x000000070c400000, 0x000000070c400000| Untracked 
| 197|0x000000070c500000, 0x000000070c500000, 0x000000070c600000|  0%| F|  |TAMS 0x000000070c500000, 0x000000070c500000| Untracked 
| 198|0x000000070c600000, 0x000000070c600000, 0x000000070c700000|  0%| F|  |TAMS 0x000000070c600000, 0x000000070c600000| Untracked 
| 199|0x000000070c700000, 0x000000070c700000, 0x000000070c800000|  0%| F|  |TAMS 0x000000070c700000, 0x000000070c700000| Untracked 
| 200|0x000000070c800000, 0x000000070c800000, 0x000000070c900000|  0%| F|  |TAMS 0x000000070c800000, 0x000000070c800000| Untracked 
| 201|0x000000070c900000, 0x000000070c900000, 0x000000070ca00000|  0%| F|  |TAMS 0x000000070c900000, 0x000000070c900000| Untracked 
| 202|0x000000070ca00000, 0x000000070ca00000, 0x000000070cb00000|  0%| F|  |TAMS 0x000000070ca00000, 0x000000070ca00000| Untracked 
| 203|0x000000070cb00000, 0x000000070cb00000, 0x000000070cc00000|  0%| F|  |TAMS 0x000000070cb00000, 0x000000070cb00000| Untracked 
| 204|0x000000070cc00000, 0x000000070cc00000, 0x000000070cd00000|  0%| F|  |TAMS 0x000000070cc00000, 0x000000070cc00000| Untracked 
| 205|0x000000070cd00000, 0x000000070cd00000, 0x000000070ce00000|  0%| F|  |TAMS 0x000000070cd00000, 0x000000070cd00000| Untracked 
| 206|0x000000070ce00000, 0x000000070ce00000, 0x000000070cf00000|  0%| F|  |TAMS 0x000000070ce00000, 0x000000070ce00000| Untracked 
| 207|0x000000070cf00000, 0x000000070cf00000, 0x000000070d000000|  0%| F|  |TAMS 0x000000070cf00000, 0x000000070cf00000| Untracked 
| 208|0x000000070d000000, 0x000000070d000000, 0x000000070d100000|  0%| F|  |TAMS 0x000000070d000000, 0x000000070d000000| Untracked 
| 209|0x000000070d100000, 0x000000070d100000, 0x000000070d200000|  0%| F|  |TAMS 0x000000070d100000, 0x000000070d100000| Untracked 
| 210|0x000000070d200000, 0x000000070d200000, 0x000000070d300000|  0%| F|  |TAMS 0x000000070d200000, 0x000000070d200000| Untracked 
| 211|0x000000070d300000, 0x000000070d300000, 0x000000070d400000|  0%| F|  |TAMS 0x000000070d300000, 0x000000070d300000| Untracked 
| 212|0x000000070d400000, 0x000000070d400000, 0x000000070d500000|  0%| F|  |TAMS 0x000000070d400000, 0x000000070d400000| Untracked 
| 213|0x000000070d500000, 0x000000070d500000, 0x000000070d600000|  0%| F|  |TAMS 0x000000070d500000, 0x000000070d500000| Untracked 
| 214|0x000000070d600000, 0x000000070d600000, 0x000000070d700000|  0%| F|  |TAMS 0x000000070d600000, 0x000000070d600000| Untracked 
| 215|0x000000070d700000, 0x000000070d700000, 0x000000070d800000|  0%| F|  |TAMS 0x000000070d700000, 0x000000070d700000| Untracked 
| 216|0x000000070d800000, 0x000000070d800000, 0x000000070d900000|  0%| F|  |TAMS 0x000000070d800000, 0x000000070d800000| Untracked 
| 217|0x000000070d900000, 0x000000070d900000, 0x000000070da00000|  0%| F|  |TAMS 0x000000070d900000, 0x000000070d900000| Untracked 
| 218|0x000000070da00000, 0x000000070da00000, 0x000000070db00000|  0%| F|  |TAMS 0x000000070da00000, 0x000000070da00000| Untracked 
| 219|0x000000070db00000, 0x000000070db00000, 0x000000070dc00000|  0%| F|  |TAMS 0x000000070db00000, 0x000000070db00000| Untracked 
| 220|0x000000070dc00000, 0x000000070dc00000, 0x000000070dd00000|  0%| F|  |TAMS 0x000000070dc00000, 0x000000070dc00000| Untracked 
| 221|0x000000070dd00000, 0x000000070dd00000, 0x000000070de00000|  0%| F|  |TAMS 0x000000070dd00000, 0x000000070dd00000| Untracked 
| 222|0x000000070de00000, 0x000000070de00000, 0x000000070df00000|  0%| F|  |TAMS 0x000000070de00000, 0x000000070de00000| Untracked 
| 223|0x000000070df00000, 0x000000070df00000, 0x000000070e000000|  0%| F|  |TAMS 0x000000070df00000, 0x000000070df00000| Untracked 
| 224|0x000000070e000000, 0x000000070e000000, 0x000000070e100000|  0%| F|  |TAMS 0x000000070e000000, 0x000000070e000000| Untracked 
| 225|0x000000070e100000, 0x000000070e100000, 0x000000070e200000|  0%| F|  |TAMS 0x000000070e100000, 0x000000070e100000| Untracked 
| 226|0x000000070e200000, 0x000000070e200000, 0x000000070e300000|  0%| F|  |TAMS 0x000000070e200000, 0x000000070e200000| Untracked 
| 227|0x000000070e300000, 0x000000070e300000, 0x000000070e400000|  0%| F|  |TAMS 0x000000070e300000, 0x000000070e300000| Untracked 
| 228|0x000000070e400000, 0x000000070e400000, 0x000000070e500000|  0%| F|  |TAMS 0x000000070e400000, 0x000000070e400000| Untracked 
| 229|0x000000070e500000, 0x000000070e500000, 0x000000070e600000|  0%| F|  |TAMS 0x000000070e500000, 0x000000070e500000| Untracked 
| 230|0x000000070e600000, 0x000000070e600000, 0x000000070e700000|  0%| F|  |TAMS 0x000000070e600000, 0x000000070e600000| Untracked 
| 231|0x000000070e700000, 0x000000070e700000, 0x000000070e800000|  0%| F|  |TAMS 0x000000070e700000, 0x000000070e700000| Untracked 
| 232|0x000000070e800000, 0x000000070e800000, 0x000000070e900000|  0%| F|  |TAMS 0x000000070e800000, 0x000000070e800000| Untracked 
| 233|0x000000070e900000, 0x000000070e900000, 0x000000070ea00000|  0%| F|  |TAMS 0x000000070e900000, 0x000000070e900000| Untracked 
| 234|0x000000070ea00000, 0x000000070ea00000, 0x000000070eb00000|  0%| F|  |TAMS 0x000000070ea00000, 0x000000070ea00000| Untracked 
| 235|0x000000070eb00000, 0x000000070eb00000, 0x000000070ec00000|  0%| F|  |TAMS 0x000000070eb00000, 0x000000070eb00000| Untracked 
| 236|0x000000070ec00000, 0x000000070ec00000, 0x000000070ed00000|  0%| F|  |TAMS 0x000000070ec00000, 0x000000070ec00000| Untracked 
| 237|0x000000070ed00000, 0x000000070ed00000, 0x000000070ee00000|  0%| F|  |TAMS 0x000000070ed00000, 0x000000070ed00000| Untracked 
| 238|0x000000070ee00000, 0x000000070ee00000, 0x000000070ef00000|  0%| F|  |TAMS 0x000000070ee00000, 0x000000070ee00000| Untracked 
| 239|0x000000070ef00000, 0x000000070ef00000, 0x000000070f000000|  0%| F|  |TAMS 0x000000070ef00000, 0x000000070ef00000| Untracked 
| 240|0x000000070f000000, 0x000000070f000000, 0x000000070f100000|  0%| F|  |TAMS 0x000000070f000000, 0x000000070f000000| Untracked 
| 241|0x000000070f100000, 0x000000070f100000, 0x000000070f200000|  0%| F|  |TAMS 0x000000070f100000, 0x000000070f100000| Untracked 
| 242|0x000000070f200000, 0x000000070f200000, 0x000000070f300000|  0%| F|  |TAMS 0x000000070f200000, 0x000000070f200000| Untracked 
| 243|0x000000070f300000, 0x000000070f300000, 0x000000070f400000|  0%| F|  |TAMS 0x000000070f300000, 0x000000070f300000| Untracked 
| 244|0x000000070f400000, 0x000000070f400000, 0x000000070f500000|  0%| F|  |TAMS 0x000000070f400000, 0x000000070f400000| Untracked 
| 245|0x000000070f500000, 0x000000070f500000, 0x000000070f600000|  0%| F|  |TAMS 0x000000070f500000, 0x000000070f500000| Untracked 
| 246|0x000000070f600000, 0x000000070f600000, 0x000000070f700000|  0%| F|  |TAMS 0x000000070f600000, 0x000000070f600000| Untracked 
| 247|0x000000070f700000, 0x000000070f700000, 0x000000070f800000|  0%| F|  |TAMS 0x000000070f700000, 0x000000070f700000| Untracked 
| 248|0x000000070f800000, 0x000000070f800000, 0x000000070f900000|  0%| F|  |TAMS 0x000000070f800000, 0x000000070f800000| Untracked 
| 249|0x000000070f900000, 0x000000070f900000, 0x000000070fa00000|  0%| F|  |TAMS 0x000000070f900000, 0x000000070f900000| Untracked 
| 250|0x000000070fa00000, 0x000000070fa00000, 0x000000070fb00000|  0%| F|  |TAMS 0x000000070fa00000, 0x000000070fa00000| Untracked 
| 251|0x000000070fb00000, 0x000000070fbf0878, 0x000000070fc00000| 93%| E|  |TAMS 0x000000070fb00000, 0x000000070fb00000| Complete 
| 252|0x000000070fc00000, 0x000000070fd00000, 0x000000070fd00000|100%| E|CS|TAMS 0x000000070fc00000, 0x000000070fc00000| Complete 
| 253|0x000000070fd00000, 0x000000070fe00000, 0x000000070fe00000|100%| E|CS|TAMS 0x000000070fd00000, 0x000000070fd00000| Complete 
| 254|0x000000070fe00000, 0x000000070ff00000, 0x000000070ff00000|100%| E|CS|TAMS 0x000000070fe00000, 0x000000070fe00000| Complete 
| 255|0x000000070ff00000, 0x0000000710000000, 0x0000000710000000|100%| E|CS|TAMS 0x000000070ff00000, 0x000000070ff00000| Complete 
|3070|0x00000007bfe00000, 0x00000007bfe51000, 0x00000007bff00000| 31%|OA|  |TAMS 0x00000007bfe00000, 0x00000007bfe00000| Untracked 
|3071|0x00000007bff00000, 0x00000007bff7b000, 0x00000007c0000000| 48%|CA|  |TAMS 0x00000007bff00000, 0x00000007bff00000| Untracked 

Card table byte_map: [0x00000001208d9000,0x00000001210d9000] _byte_map_base: 0x000000011d0d9000

Marking Bits (Prev, Next): (CMBitMap*) 0x00007fc73b009818, (CMBitMap*) 0x00007fc73b009858
 Prev Bits: [0x00000001218d9000, 0x00000001258d9000)
 Next Bits: [0x00000001258d9000, 0x00000001298d9000)

Polling page: 0x00000001065d8000

Metaspace:

Usage:
  Non-class:      4.42 MB capacity,     2.47 MB ( 56%) used,     1.96 MB ( 44%) free+waste,     2.88 KB ( <1%) overhead. 
      Class:    443.00 KB capacity,   271.62 KB ( 61%) used,   169.82 KB ( 38%) free+waste,     1.56 KB ( <1%) overhead. 
       Both:      4.86 MB capacity,     2.73 MB ( 56%) used,     2.12 MB ( 44%) free+waste,     4.44 KB ( <1%) overhead. 

Virtual space:
  Non-class space:        8.00 MB reserved,       4.50 MB ( 56%) committed 
      Class space:        1.00 GB reserved,     512.00 KB ( <1%) committed 
             Both:        1.01 GB reserved,       5.00 MB ( <1%) committed 

Chunk freelists:
   Non-Class:  41.00 KB
       Class:  17.00 KB
        Both:  58.00 KB

MaxMetaspaceSize: unlimited
CompressedClassSpaceSize: 1.00 GB

CodeHeap 'non-profiled nmethods': size=120028Kb used=127Kb max_used=127Kb free=119900Kb
 bounds [0x0000000118ba2000, 0x0000000118e12000, 0x00000001200d9000]
CodeHeap 'profiled nmethods': size=120028Kb used=599Kb max_used=599Kb free=119428Kb
 bounds [0x000000011166b000, 0x00000001118db000, 0x0000000118ba2000]
CodeHeap 'non-nmethods': size=5704Kb used=1199Kb max_used=1215Kb free=4504Kb
 bounds [0x00000001110d9000, 0x0000000111349000, 0x000000011166b000]
 total_blobs=927 nmethods=419 adapters=294
 compilation: enabled
              stopped_count=0, restarted_count=0
 full_count=0

Compilation events (20 events):
Event: 597.476 Thread 0x00007fc73d80e800  415       1       org.eclipse.jdt.launching.internal.org.objectweb.asm.SymbolTable::getMajorVersion (5 bytes)
Event: 597.476 Thread 0x00007fc73d80e800 nmethod 415 0x0000000118bc0d90 code [0x0000000118bc0f20, 0x0000000118bc0ff0]
Event: 791.649 Thread 0x00007fc73d80e800  417       3       org.eclipse.jdt.launching.internal.org.objectweb.asm.SymbolTable::addConstantUtf8Reference (101 bytes)
Event: 791.650 Thread 0x00007fc73d80e800 nmethod 417 0x00000001116fe990 code [0x00000001116feba0, 0x00000001116ff250]
Event: 791.650 Thread 0x00007fc73d80e800  416       3       org.eclipse.jdt.launching.internal.org.objectweb.asm.MethodWriter::visitVarInsn (302 bytes)
Event: 791.653 Thread 0x00007fc73d80e800 

Event: 791.653 Thread 0x00007fc73d80e800  419       3       org.eclipse.jdt.launching.internal.org.objectweb.asm.SymbolTable::addConstantMemberReference (147 bytes)
Event: 791.654 Thread 0x00007fc73d80e800 nmethod 419 0x00000001116ff610 code [0x00000001116ff880, 0x00000001117001c0]
Event: 791.654 Thread 0x00007fc73d80e800  418       1       java.net.URL::getRef (5 bytes)
Event: 791.654 Thread 0x00007fc73d80e800 nmethod 418 0x0000000118bc1090 code [0x0000000118bc1220, 0x0000000118bc12f0]
Event: 791.654 Thread 0x00007fc73d80e800  420       1       java.net.URL::getPath (5 bytes)
Event: 791.654 Thread 0x00007fc73d80e800 nmethod 420 0x0000000118bc1390 code [0x0000000118bc1520, 0x0000000118bc15f0]
Event: 804.818 Thread 0x00007fc73d80e800  421       1       java.net.URL::getAuthority (5 bytes)
Event: 804.818 Thread 0x00007fc73d80e800 nmethod 421 0x0000000118bc1690 code [0x0000000118bc1820, 0x0000000118bc18f0]
Event: 804.818 Thread 0x00007fc73d80e800  422       1       java.net.URL::getQuery (5 bytes)
Event: 804.818 Thread 0x00007fc73d80e800 nmethod 422 0x0000000118bc1990 code [0x0000000118bc1b20, 0x0000000118bc1bf0]
Event: 804.818 Thread 0x00007fc73d80e800  423       3       org.eclipse.jdt.launching.internal.org.objectweb.asm.Label::accept (65 bytes)
Event: 804.819 Thread 0x00007fc73d80e800 

Event: 804.819 Thread 0x00007fc73d80e800  424       3       org.eclipse.jdt.launching.internal.org.objectweb.asm.ByteVector::putInt (74 bytes)
Event: 804.820 Thread 0x00007fc73d80e800 nmethod 424 0x0000000111700790 code [0x0000000111700940, 0x0000000111700bc0]

GC Heap History (0 events):
No events

Deoptimization events (20 events):
Event: 0.548 Thread 0x00007fc73b009000 DEOPT PACKING pc=0x00000001116df48b sp=0x000070000bd0e310
Event: 0.548 Thread 0x00007fc73b009000 DEOPT UNPACKING pc=0x000000011112233a sp=0x000070000bd0d7f8 mode 0
Event: 0.548 Thread 0x00007fc73b009000 DEOPT PACKING pc=0x00000001116df48b sp=0x000070000bd0e310
Event: 0.548 Thread 0x00007fc73b009000 DEOPT UNPACKING pc=0x000000011112233a sp=0x000070000bd0d7f8 mode 0
Event: 0.550 Thread 0x00007fc73b009000 DEOPT PACKING pc=0x00000001116df48b sp=0x000070000bd0f8e0
Event: 0.550 Thread 0x00007fc73b009000 DEOPT UNPACKING pc=0x000000011112233a sp=0x000070000bd0edc8 mode 0
Event: 0.550 Thread 0x00007fc73b009000 DEOPT PACKING pc=0x00000001116df48b sp=0x000070000bd0f8e0
Event: 0.550 Thread 0x00007fc73b009000 DEOPT UNPACKING pc=0x000000011112233a sp=0x000070000bd0edc8 mode 0
Event: 0.552 Thread 0x00007fc73b009000 DEOPT PACKING pc=0x00000001116df48b sp=0x000070000bd0e230
Event: 0.552 Thread 0x00007fc73b009000 DEOPT UNPACKING pc=0x000000011112233a sp=0x000070000bd0d718 mode 0
Event: 0.553 Thread 0x00007fc73b009000 DEOPT PACKING pc=0x00000001116df48b sp=0x000070000bd0f860
Event: 0.553 Thread 0x00007fc73b009000 DEOPT UNPACKING pc=0x000000011112233a sp=0x000070000bd0ed48 mode 0
Event: 0.554 Thread 0x00007fc73b009000 DEOPT PACKING pc=0x00000001116df48b sp=0x000070000bd0f940
Event: 0.554 Thread 0x00007fc73b009000 DEOPT UNPACKING pc=0x000000011112233a sp=0x000070000bd0ee28 mode 0
Event: 0.558 Thread 0x00007fc73b009000 DEOPT PACKING pc=0x00000001116df48b sp=0x000070000bd0df20
Event: 0.558 Thread 0x00007fc73b009000 DEOPT UNPACKING pc=0x000000011112233a sp=0x000070000bd0d408 mode 0
Event: 0.560 Thread 0x00007fc73b009000 DEOPT PACKING pc=0x00000001116df48b sp=0x000070000bd0f540
Event: 0.560 Thread 0x00007fc73b009000 DEOPT UNPACKING pc=0x000000011112233a sp=0x000070000bd0ea28 mode 0
Event: 0.561 Thread 0x00007fc73b009000 DEOPT PACKING pc=0x00000001116df48b sp=0x000070000bd0f540
Event: 0.561 Thread 0x00007fc73b009000 DEOPT UNPACKING pc=0x000000011112233a sp=0x000070000bd0ea28 mode 0

Classes unloaded (0 events):
No events

Classes redefined (14 events):
Event: 50.252 Thread 0x00007fc73d814800 redefined class name=parkingLot.Levels, count=1
Event: 50.252 Thread 0x00007fc73d814800 redefined class name=parkingLot.ParkingLot, count=1
Event: 50.252 Thread 0x00007fc73d814800 redefined class name=parkingLot.Spots, count=1
Event: 72.920 Thread 0x00007fc73d814800 redefined class name=parkingLot.test, count=1
Event: 76.646 Thread 0x00007fc73d814800 redefined class name=parkingLot.test, count=2
Event: 104.930 Thread 0x00007fc73d814800 redefined class name=parkingLot.test, count=3
Event: 597.475 Thread 0x00007fc73d814800 redefined class name=parkingLot.Levels, count=2
Event: 597.475 Thread 0x00007fc73d814800 redefined class name=parkingLot.ParkingLot, count=2
Event: 597.475 Thread 0x00007fc73d814800 redefined class name=parkingLot.Spots, count=2
Event: 791.651 Thread 0x00007fc73d814800 redefined class name=parkingLot.Levels, count=3
Event: 791.651 Thread 0x00007fc73d814800 redefined class name=parkingLot.ParkingLot, count=3
Event: 791.651 Thread 0x00007fc73d814800 redefined class name=parkingLot.Spots, count=3
Event: 804.819 Thread 0x00007fc73d814800 redefined class name=parkingLot.test, count=4
Event: 812.756 Thread 0x00007fc73d814800 redefined class name=parkingLot.test, count=5

Internal exceptions (0 events):
No events

Events (20 events):
Event: 812.899 Executing VM operation: GetOwnedMonitorInfo
Event: 812.899 Executing VM operation: GetOwnedMonitorInfo done
Event: 812.899 Executing VM operation: GetCurrentContendedMonitor
Event: 812.899 Executing VM operation: GetCurrentContendedMonitor done
Event: 991.142 Executing VM operation: GetCurrentContendedMonitor
Event: 991.142 Executing VM operation: GetCurrentContendedMonitor done
Event: 991.142 Executing VM operation: GetOwnedMonitorInfo
Event: 991.142 Executing VM operation: GetOwnedMonitorInfo done
Event: 991.673 Executing VM operation: GetCurrentContendedMonitor
Event: 991.673 Executing VM operation: GetCurrentContendedMonitor done
Event: 991.674 Executing VM operation: GetOwnedMonitorInfo
Event: 991.674 Executing VM operation: GetOwnedMonitorInfo done
Event: 992.276 Executing VM operation: GetFrameCount
Event: 992.276 Executing VM operation: GetFrameCount done
Event: 992.276 Executing VM operation: GetOwnedMonitorInfo
Event: 992.276 Executing VM operation: GetOwnedMonitorInfo done
Event: 992.277 Executing VM operation: GetCurrentContendedMonitor
Event: 992.277 Executing VM operation: GetCurrentContendedMonitor done
Event: 992.281 Executing VM operation: GetFrameLocation
Event: 992.281 Executing VM operation: GetFrameLocation done


Dynamic libraries:
0x00007fff72951000 	/usr/lib/libz.1.dylib
0x00000001065a7000 	/Library/Java/JavaVirtualMachines/jdk-14.0.1.jdk/Contents/Home/lib/libjli.dylib
0x00007fff38511000 	/System/Library/Frameworks/Cocoa.framework/Versions/A/Cocoa
0x00007fff45cf9000 	/System/Library/Frameworks/Security.framework/Versions/A/Security
0x00007fff37478000 	/System/Library/Frameworks/ApplicationServices.framework/Versions/A/ApplicationServices
0x00007fff70415000 	/usr/lib/libSystem.B.dylib
0x00007fff73211000 	/usr/lib/system/libcache.dylib
0x00007fff73217000 	/usr/lib/system/libcommonCrypto.dylib
0x00007fff73223000 	/usr/lib/system/libcompiler_rt.dylib
0x00007fff7322b000 	/usr/lib/system/libcopyfile.dylib
0x00007fff73235000 	/usr/lib/system/libcorecrypto.dylib
0x00007fff733d4000 	/usr/lib/system/libdispatch.dylib
0x00007fff73415000 	/usr/lib/system/libdyld.dylib
0x00007fff7344c000 	/usr/lib/system/libkeymgr.dylib
0x00007fff7345a000 	/usr/lib/system/liblaunch.dylib
0x00007fff7345b000 	/usr/lib/system/libmacho.dylib
0x00007fff73461000 	/usr/lib/system/libquarantine.dylib
0x00007fff73464000 	/usr/lib/system/libremovefile.dylib
0x00007fff73466000 	/usr/lib/system/libsystem_asl.dylib
0x00007fff7347e000 	/usr/lib/system/libsystem_blocks.dylib
0x00007fff7347f000 	/usr/lib/system/libsystem_c.dylib
0x00007fff73507000 	/usr/lib/system/libsystem_configuration.dylib
0x00007fff7350b000 	/usr/lib/system/libsystem_coreservices.dylib
0x00007fff7350f000 	/usr/lib/system/libsystem_darwin.dylib
0x00007fff73518000 	/usr/lib/system/libsystem_dnssd.dylib
0x00007fff73520000 	/usr/lib/system/libsystem_featureflags.dylib
0x00007fff73522000 	/usr/lib/system/libsystem_info.dylib
0x00007fff7359d000 	/usr/lib/system/libsystem_m.dylib
0x00007fff735e5000 	/usr/lib/system/libsystem_malloc.dylib
0x00007fff7360d000 	/usr/lib/system/libsystem_networkextension.dylib
0x00007fff7361b000 	/usr/lib/system/libsystem_notify.dylib
0x00007fff73639000 	/usr/lib/system/libsystem_sandbox.dylib
0x00007fff7363e000 	/usr/lib/system/libsystem_secinit.dylib
0x00007fff73570000 	/usr/lib/system/libsystem_kernel.dylib
0x00007fff73625000 	/usr/lib/system/libsystem_platform.dylib
0x00007fff7362e000 	/usr/lib/system/libsystem_pthread.dylib
0x00007fff73641000 	/usr/lib/system/libsystem_symptoms.dylib
0x00007fff73649000 	/usr/lib/system/libsystem_trace.dylib
0x00007fff73661000 	/usr/lib/system/libunwind.dylib
0x00007fff73667000 	/usr/lib/system/libxpc.dylib
0x00007fff72275000 	/usr/lib/libobjc.A.dylib
0x00007fff7074e000 	/usr/lib/libc++abi.dylib
0x00007fff706fb000 	/usr/lib/libc++.1.dylib
0x00007fff393b1000 	/System/Library/Frameworks/CoreFoundation.framework/Versions/A/CoreFoundation
0x00007fff3ba6b000 	/System/Library/Frameworks/Foundation.framework/Versions/C/Foundation
0x00007fff36668000 	/System/Library/Frameworks/AppKit.framework/Versions/C/AppKit
0x00007fff38e95000 	/System/Library/Frameworks/CoreData.framework/Versions/A/CoreData
0x00007fff6a430000 	/System/Library/PrivateFrameworks/UIFoundation.framework/Versions/A/UIFoundation
0x00007fff654d4000 	/System/Library/PrivateFrameworks/RemoteViewServices.framework/Versions/A/RemoteViewServices
0x00007fff6cf85000 	/System/Library/PrivateFrameworks/XCTTargetBootstrap.framework/Versions/A/XCTTargetBootstrap
0x00007fff39280000 	/System/Library/Frameworks/CoreDisplay.framework/Versions/A/CoreDisplay
0x00007fff3e926000 	/System/Library/Frameworks/Metal.framework/Versions/A/Metal
0x00007fff534e0000 	/System/Library/PrivateFrameworks/DesktopServicesPriv.framework/Versions/A/DesktopServicesPriv
0x00007fff71550000 	/usr/lib/liblangid.dylib
0x00007fff52778000 	/System/Library/PrivateFrameworks/CoreSVG.framework/Versions/A/CoreSVG
0x00007fff6862d000 	/System/Library/PrivateFrameworks/SkyLight.framework/Versions/A/SkyLight
0x00007fff39832000 	/System/Library/Frameworks/CoreGraphics.framework/Versions/A/CoreGraphics
0x00007fff3503c000 	/System/Library/Frameworks/Accelerate.framework/Versions/A/Accelerate
0x00007fff72842000 	/usr/lib/libxml2.2.dylib
0x00007fff5e46d000 	/System/Library/PrivateFrameworks/IconServices.framework/Versions/A/IconServices
0x00007fff3c24a000 	/System/Library/Frameworks/IOSurface.framework/Versions/A/IOSurface
0x00007fff6ff3f000 	/usr/lib/libDiagnosticMessagesClient.dylib
0x00007fff5333a000 	/System/Library/PrivateFrameworks/DFRFoundation.framework/Versions/A/DFRFoundation
0x00007fff712df000 	/usr/lib/libicucore.A.dylib
0x00007fff377aa000 	/System/Library/Frameworks/AudioToolbox.framework/Versions/A/AudioToolbox
0x00007fff3788d000 	/System/Library/Frameworks/AudioUnit.framework/Versions/A/AudioUnit
0x00007fff70617000 	/usr/lib/libauto.dylib
0x00007fff533dc000 	/System/Library/PrivateFrameworks/DataDetectorsCore.framework/Versions/A/DataDetectorsCore
0x00007fff38032000 	/System/Library/Frameworks/Carbon.framework/Versions/A/Frameworks/HIToolbox.framework/Versions/A/HIToolbox
0x00007fff44ef6000 	/System/Library/Frameworks/QuartzCore.framework/Versions/A/QuartzCore
0x00007fff38371000 	/System/Library/Frameworks/Carbon.framework/Versions/A/Frameworks/SpeechRecognition.framework/Versions/A/SpeechRecognition
0x00007fff52e51000 	/System/Library/PrivateFrameworks/CoreUI.framework/Versions/A/CoreUI
0x00007fff38900000 	/System/Library/Frameworks/CoreAudio.framework/Versions/A/CoreAudio
0x00007fff3b72c000 	/System/Library/Frameworks/DiskArbitration.framework/Versions/A/DiskArbitration
0x00007fff604bb000 	/System/Library/PrivateFrameworks/MultitouchSupport.framework/Versions/A/MultitouchSupport
0x00007fff711a6000 	/usr/lib/libenergytrace.dylib
0x00007fff3c1a4000 	/System/Library/Frameworks/IOKit.framework/Versions/A/IOKit
0x00007fff3a798000 	/System/Library/Frameworks/CoreServices.framework/Versions/A/CoreServices
0x00007fff6266a000 	/System/Library/PrivateFrameworks/PerformanceAnalysis.framework/Versions/A/PerformanceAnalysis
0x00007fff43f29000 	/System/Library/Frameworks/OpenGL.framework/Versions/A/OpenGL
0x00007fff3851f000 	/System/Library/Frameworks/ColorSync.framework/Versions/A/ColorSync
0x00007fff39eb4000 	/System/Library/Frameworks/CoreImage.framework/Versions/A/CoreImage
0x00007fff3b20b000 	/System/Library/Frameworks/CoreText.framework/Versions/A/CoreText
0x00007fff3c2da000 	/System/Library/Frameworks/ImageIO.framework/Versions/A/ImageIO
0x00007fff70777000 	/usr/lib/libcompression.dylib
0x00007fff70283000 	/usr/lib/libMobileGestalt.dylib
0x00007fff6a1a5000 	/System/Library/PrivateFrameworks/TextureIO.framework/Versions/A/TextureIO
0x00007fff7057a000 	/usr/lib/libate.dylib
0x00007fff5e676000 	/System/Library/PrivateFrameworks/InternationalSupport.framework/Versions/A/InternationalSupport
0x00007fff71552000 	/usr/lib/liblzma.5.dylib
0x00007fff711cd000 	/usr/lib/libfakelink.dylib
0x00007fff70507000 	/usr/lib/libarchive.2.dylib
0x00007fff46daa000 	/System/Library/Frameworks/SystemConfiguration.framework/Versions/A/SystemConfiguration
0x00007fff6fe72000 	/usr/lib/libCRFSuite.dylib
0x00007fff37c23000 	/System/Library/Frameworks/CFNetwork.framework/Versions/A/CFNetwork
0x00007fff706dd000 	/usr/lib/libbsm.0.dylib
0x00007fff7344d000 	/usr/lib/system/libkxld.dylib
0x00007fff4ccc6000 	/System/Library/PrivateFrameworks/AppleFSCompression.framework/Versions/A/AppleFSCompression
0x00007fff70a68000 	/usr/lib/libcoretls.dylib
0x00007fff70a7f000 	/usr/lib/libcoretls_cfhelpers.dylib
0x00007fff722bb000 	/usr/lib/libpam.2.dylib
0x00007fff723f0000 	/usr/lib/libsqlite3.dylib
0x00007fff7282f000 	/usr/lib/libxar.1.dylib
0x00007fff706ee000 	/usr/lib/libbz2.1.0.dylib
0x00007fff711ee000 	/usr/lib/libiconv.2.dylib
0x00007fff70764000 	/usr/lib/libcharset.1.dylib
0x00007fff71d58000 	/usr/lib/libnetwork.dylib
0x00007fff722c2000 	/usr/lib/libpcap.A.dylib
0x00007fff704bc000 	/usr/lib/libapple_nghttp2.dylib
0x00007fff3ab4f000 	/System/Library/Frameworks/CoreServices.framework/Versions/A/Frameworks/FSEvents.framework/Versions/A/FSEvents
0x00007fff3a81f000 	/System/Library/Frameworks/CoreServices.framework/Versions/A/Frameworks/CarbonCore.framework/Versions/A/CarbonCore
0x00007fff3ad93000 	/System/Library/Frameworks/CoreServices.framework/Versions/A/Frameworks/Metadata.framework/Versions/A/Metadata
0x00007fff3ae2c000 	/System/Library/Frameworks/CoreServices.framework/Versions/A/Frameworks/OSServices.framework/Versions/A/OSServices
0x00007fff3ae5a000 	/System/Library/Frameworks/CoreServices.framework/Versions/A/Frameworks/SearchKit.framework/Versions/A/SearchKit
0x00007fff3a799000 	/System/Library/Frameworks/CoreServices.framework/Versions/A/Frameworks/AE.framework/Versions/A/AE
0x00007fff3ab58000 	/System/Library/Frameworks/CoreServices.framework/Versions/A/Frameworks/LaunchServices.framework/Versions/A/LaunchServices
0x00007fff3ab01000 	/System/Library/Frameworks/CoreServices.framework/Versions/A/Frameworks/DictionaryServices.framework/Versions/A/DictionaryServices
0x00007fff3aec2000 	/System/Library/Frameworks/CoreServices.framework/Versions/A/Frameworks/SharedFileList.framework/Versions/A/SharedFileList
0x00007fff3fd49000 	/System/Library/Frameworks/NetFS.framework/Versions/A/NetFS
0x00007fff609eb000 	/System/Library/PrivateFrameworks/NetAuth.framework/Versions/A/NetAuth
0x00007fff6d352000 	/System/Library/PrivateFrameworks/login.framework/Versions/A/Frameworks/loginsupport.framework/Versions/A/loginsupport
0x00007fff69c70000 	/System/Library/PrivateFrameworks/TCC.framework/Versions/A/TCC
0x00007fff518eb000 	/System/Library/PrivateFrameworks/CoreNLP.framework/Versions/A/CoreNLP
0x00007fff5fee8000 	/System/Library/PrivateFrameworks/MetadataUtilities.framework/Versions/A/MetadataUtilities
0x00007fff7162a000 	/usr/lib/libmecabra.dylib
0x00007fff71582000 	/usr/lib/libmecab.dylib
0x00007fff711de000 	/usr/lib/libgermantok.dylib
0x00007fff704a3000 	/usr/lib/libThaiTokenizer.dylib
0x00007fff6fea9000 	/usr/lib/libChineseTokenizer.dylib
0x00007fff35054000 	/System/Library/Frameworks/Accelerate.framework/Versions/A/Frameworks/vImage.framework/Versions/A/vImage
0x00007fff364be000 	/System/Library/Frameworks/Accelerate.framework/Versions/A/Frameworks/vecLib.framework/Versions/A/vecLib
0x00007fff363fb000 	/System/Library/Frameworks/Accelerate.framework/Versions/A/Frameworks/vecLib.framework/Versions/A/libvMisc.dylib
0x00007fff36223000 	/System/Library/Frameworks/Accelerate.framework/Versions/A/Frameworks/vecLib.framework/Versions/A/libvDSP.dylib
0x00007fff356ab000 	/System/Library/Frameworks/Accelerate.framework/Versions/A/Frameworks/vecLib.framework/Versions/A/libBLAS.dylib
0x00007fff35de7000 	/System/Library/Frameworks/Accelerate.framework/Versions/A/Frameworks/vecLib.framework/Versions/A/libLAPACK.dylib
0x00007fff36183000 	/System/Library/Frameworks/Accelerate.framework/Versions/A/Frameworks/vecLib.framework/Versions/A/libLinearAlgebra.dylib
0x00007fff36210000 	/System/Library/Frameworks/Accelerate.framework/Versions/A/Frameworks/vecLib.framework/Versions/A/libSparseBLAS.dylib
0x00007fff36199000 	/System/Library/Frameworks/Accelerate.framework/Versions/A/Frameworks/vecLib.framework/Versions/A/libQuadrature.dylib
0x00007fff35913000 	/System/Library/Frameworks/Accelerate.framework/Versions/A/Frameworks/vecLib.framework/Versions/A/libBNNS.dylib
0x00007fff3619f000 	/System/Library/Frameworks/Accelerate.framework/Versions/A/Frameworks/vecLib.framework/Versions/A/libSparse.dylib
0x00007fff5ea5e000 	/System/Library/PrivateFrameworks/LanguageModeling.framework/Versions/A/LanguageModeling
0x00007fff5129b000 	/System/Library/PrivateFrameworks/CoreEmoji.framework/Versions/A/CoreEmoji
0x00007fff5eb7c000 	/System/Library/PrivateFrameworks/LinguisticData.framework/Versions/A/LinguisticData
0x00007fff5eb2d000 	/System/Library/PrivateFrameworks/Lexicon.framework/Versions/A/Lexicon
0x00007fff70765000 	/usr/lib/libcmph.dylib
0x00007fff42937000 	/System/Library/Frameworks/OpenDirectory.framework/Versions/A/Frameworks/CFOpenDirectory.framework/Versions/A/CFOpenDirectory
0x00007fff42954000 	/System/Library/Frameworks/OpenDirectory.framework/Versions/A/OpenDirectory
0x00007fff4ad79000 	/System/Library/PrivateFrameworks/APFS.framework/Versions/A/APFS
0x00007fff46043000 	/System/Library/Frameworks/SecurityFoundation.framework/Versions/A/SecurityFoundation
0x00007fff7282b000 	/usr/lib/libutil.dylib
0x00007fff527d0000 	/System/Library/PrivateFrameworks/CoreServicesStore.framework/Versions/A/CoreServicesStore
0x00007fff460fa000 	/System/Library/Frameworks/ServiceManagement.framework/Versions/A/ServiceManagement
0x00007fff4e495000 	/System/Library/PrivateFrameworks/BackgroundTaskManagement.framework/Versions/A/BackgroundTaskManagement
0x00007fff72928000 	/usr/lib/libxslt.1.dylib
0x00007fff4d339000 	/System/Library/PrivateFrameworks/AppleSystemInfo.framework/Versions/A/AppleSystemInfo
0x00007fff3c4f5000 	/System/Library/Frameworks/ImageIO.framework/Versions/A/Resources/libJPEG.dylib
0x00007fff3c7b1000 	/System/Library/Frameworks/ImageIO.framework/Versions/A/Resources/libTIFF.dylib
0x00007fff3c794000 	/System/Library/Frameworks/ImageIO.framework/Versions/A/Resources/libPng.dylib
0x00007fff3c437000 	/System/Library/Frameworks/ImageIO.framework/Versions/A/Resources/libGIF.dylib
0x00007fff3c43b000 	/System/Library/Frameworks/ImageIO.framework/Versions/A/Resources/libJP2.dylib
0x00007fff3c7af000 	/System/Library/Frameworks/ImageIO.framework/Versions/A/Resources/libRadiance.dylib
0x00007fff711a7000 	/usr/lib/libexpat.1.dylib
0x00007fff4ce21000 	/System/Library/PrivateFrameworks/AppleJPEG.framework/Versions/A/AppleJPEG
0x00007fff55acf000 	/System/Library/PrivateFrameworks/FontServices.framework/libFontParser.dylib
0x00007fff6c357000 	/System/Library/PrivateFrameworks/WatchdogClient.framework/Versions/A/WatchdogClient
0x00007fff5e0b9000 	/System/Library/PrivateFrameworks/IOAccelerator.framework/Versions/A/IOAccelerator
0x00007fff3ecc1000 	/System/Library/Frameworks/MetalPerformanceShaders.framework/Versions/A/MetalPerformanceShaders
0x00007fff5a850000 	/System/Library/PrivateFrameworks/GPUWrangler.framework/Versions/A/GPUWrangler
0x00007fff5e0ce000 	/System/Library/PrivateFrameworks/IOPresentment.framework/Versions/A/IOPresentment
0x00007fff5334d000 	/System/Library/PrivateFrameworks/DSExternalDisplay.framework/Versions/A/DSExternalDisplay
0x00007fff432c8000 	/System/Library/Frameworks/OpenGL.framework/Versions/A/Libraries/libCoreFSCache.dylib
0x00007fff3ea0d000 	/System/Library/Frameworks/MetalPerformanceShaders.framework/Frameworks/MPSCore.framework/Versions/A/MPSCore
0x00007fff3ea4b000 	/System/Library/Frameworks/MetalPerformanceShaders.framework/Frameworks/MPSImage.framework/Versions/A/MPSImage
0x00007fff3eb12000 	/System/Library/Frameworks/MetalPerformanceShaders.framework/Frameworks/MPSNeuralNetwork.framework/Versions/A/MPSNeuralNetwork
0x00007fff3ead6000 	/System/Library/Frameworks/MetalPerformanceShaders.framework/Frameworks/MPSMatrix.framework/Versions/A/MPSMatrix
0x00007fff3ec71000 	/System/Library/Frameworks/MetalPerformanceShaders.framework/Frameworks/MPSRayIntersector.framework/Versions/A/MPSRayIntersector
0x00007fff3eafc000 	/System/Library/Frameworks/MetalPerformanceShaders.framework/Frameworks/MPSNDArray.framework/Versions/A/MPSNDArray
0x00007fff5ff35000 	/System/Library/PrivateFrameworks/MetalTools.framework/Versions/A/MetalTools
0x00007fff4bf4e000 	/System/Library/PrivateFrameworks/AggregateDictionary.framework/Versions/A/AggregateDictionary
0x00007fff50ce5000 	/System/Library/PrivateFrameworks/CoreAnalytics.framework/Versions/A/CoreAnalytics
0x00007fff4d258000 	/System/Library/PrivateFrameworks/AppleSauce.framework/Versions/A/AppleSauce
0x00007fff70165000 	/usr/lib/libIOReport.dylib
0x00007fff3b3c3000 	/System/Library/Frameworks/CoreVideo.framework/Versions/A/CoreVideo
0x00007fff5bcca000 	/System/Library/PrivateFrameworks/GraphVisualizer.framework/Versions/A/GraphVisualizer
0x00007fff55016000 	/System/Library/PrivateFrameworks/FaceCore.framework/Versions/A/FaceCore
0x00007fff428de000 	/System/Library/Frameworks/OpenCL.framework/Versions/A/OpenCL
0x00007fff6ff87000 	/usr/lib/libFosl_dynamic.dylib
0x00007fff6140b000 	/System/Library/PrivateFrameworks/OTSVG.framework/Versions/A/OTSVG
0x00007fff3757d000 	/System/Library/Frameworks/ApplicationServices.framework/Versions/A/Frameworks/ATS.framework/Versions/A/Resources/libFontRegistry.dylib
0x00007fff55ca1000 	/System/Library/PrivateFrameworks/FontServices.framework/libhvf.dylib
0x00007fff432d3000 	/System/Library/Frameworks/OpenGL.framework/Versions/A/Libraries/libGFXShared.dylib
0x00007fff434b1000 	/System/Library/Frameworks/OpenGL.framework/Versions/A/Libraries/libGLU.dylib
0x00007fff432dc000 	/System/Library/Frameworks/OpenGL.framework/Versions/A/Libraries/libGL.dylib
0x00007fff432e7000 	/System/Library/Frameworks/OpenGL.framework/Versions/A/Libraries/libGLImage.dylib
0x00007fff432c5000 	/System/Library/Frameworks/OpenGL.framework/Versions/A/Libraries/libCVMSPluginSupport.dylib
0x00007fff432ce000 	/System/Library/Frameworks/OpenGL.framework/Versions/A/Libraries/libCoreVMClient.dylib
0x00007fff71bf9000 	/usr/lib/libncurses.5.4.dylib
0x00007fff37479000 	/System/Library/Frameworks/ApplicationServices.framework/Versions/A/Frameworks/ATS.framework/Versions/A/ATS
0x00007fff37646000 	/System/Library/Frameworks/ApplicationServices.framework/Versions/A/Frameworks/ColorSyncLegacy.framework/Versions/A/ColorSyncLegacy
0x00007fff376e4000 	/System/Library/Frameworks/ApplicationServices.framework/Versions/A/Frameworks/HIServices.framework/Versions/A/HIServices
0x00007fff3773c000 	/System/Library/Frameworks/ApplicationServices.framework/Versions/A/Frameworks/LangAnalysis.framework/Versions/A/LangAnalysis
0x00007fff3774b000 	/System/Library/Frameworks/ApplicationServices.framework/Versions/A/Frameworks/PrintCore.framework/Versions/A/PrintCore
0x00007fff37791000 	/System/Library/Frameworks/ApplicationServices.framework/Versions/A/Frameworks/QD.framework/Versions/A/QD
0x00007fff3779c000 	/System/Library/Frameworks/ApplicationServices.framework/Versions/A/Frameworks/SpeechSynthesis.framework/Versions/A/SpeechSynthesis
0x00007fff37616000 	/System/Library/Frameworks/ApplicationServices.framework/Versions/A/Frameworks/ATSUI.framework/Versions/A/ATSUI
0x00007fff7103d000 	/usr/lib/libcups.2.dylib
0x00007fff3dd5c000 	/System/Library/Frameworks/Kerberos.framework/Versions/A/Kerberos
0x00007fff3be9d000 	/System/Library/Frameworks/GSS.framework/Versions/A/GSS
0x00007fff7237c000 	/usr/lib/libresolv.9.dylib
0x00007fff5be77000 	/System/Library/PrivateFrameworks/Heimdal.framework/Versions/A/Heimdal
0x00007fff3dd6f000 	/System/Library/Frameworks/Kerberos.framework/Versions/A/Libraries/libHeimdalProxy.dylib
0x00007fff711e4000 	/usr/lib/libheimdal-asn1.dylib
0x00007fff50180000 	/System/Library/PrivateFrameworks/CommonAuth.framework/Versions/A/CommonAuth
0x00007fff4d3d6000 	/System/Library/PrivateFrameworks/AssertionServices.framework/Versions/A/AssertionServices
0x00007fff4df78000 	/System/Library/PrivateFrameworks/AudioToolboxCore.framework/Versions/A/AudioToolboxCore
0x00007fff6d002000 	/System/Library/PrivateFrameworks/caulk.framework/Versions/A/caulk
0x00007fff4e541000 	/System/Library/PrivateFrameworks/BaseBoard.framework/Versions/A/BaseBoard
0x00007fff65662000 	/System/Library/PrivateFrameworks/RunningBoardServices.framework/Versions/A/RunningBoardServices
0x00007fff62676000 	/System/Library/PrivateFrameworks/PersistentConnection.framework/Versions/A/PersistentConnection
0x00007fff6505c000 	/System/Library/PrivateFrameworks/ProtocolBuffer.framework/Versions/A/ProtocolBuffer
0x00007fff501a4000 	/System/Library/PrivateFrameworks/CommonUtilities.framework/Versions/A/CommonUtilities
0x00007fff4e6cf000 	/System/Library/PrivateFrameworks/Bom.framework/Versions/A/Bom
0x00007fff6fe38000 	/usr/lib/libAudioToolboxUtility.dylib
0x00007fff4e49f000 	/System/Library/PrivateFrameworks/Backup.framework/Versions/A/Backup
0x00007fff5326e000 	/System/Library/PrivateFrameworks/CrashReporterSupport.framework/Versions/A/CrashReporterSupport
0x00007fff670f3000 	/System/Library/PrivateFrameworks/Sharing.framework/Versions/A/Sharing
0x00007fff4c9e4000 	/System/Library/PrivateFrameworks/Apple80211.framework/Versions/A/Apple80211
0x00007fff4e1bc000 	/System/Library/PrivateFrameworks/AuthKit.framework/Versions/A/AuthKit
0x00007fff52f7e000 	/System/Library/PrivateFrameworks/CoreUtils.framework/Versions/A/CoreUtils
0x00007fff3b408000 	/System/Library/Frameworks/CoreWLAN.framework/Versions/A/CoreWLAN
0x00007fff3c02a000 	/System/Library/Frameworks/IOBluetooth.framework/Versions/A/IOBluetooth
0x00007fff6023a000 	/System/Library/PrivateFrameworks/MobileKeyBag.framework/Versions/A/MobileKeyBag
0x00007fff51d83000 	/System/Library/PrivateFrameworks/CorePhoneNumbers.framework/Versions/A/CorePhoneNumbers
0x00007fff4cdd4000 	/System/Library/PrivateFrameworks/AppleIDAuthSupport.framework/Versions/A/AppleIDAuthSupport
0x00007fff3fd56000 	/System/Library/Frameworks/Network.framework/Versions/A/Network
0x00007fff5e90a000 	/System/Library/PrivateFrameworks/KeychainCircle.framework/Versions/A/KeychainCircle
0x00007fff38e5c000 	/System/Library/Frameworks/CoreBluetooth.framework/Versions/A/CoreBluetooth
0x00007fff69170000 	/System/Library/PrivateFrameworks/SpeechRecognitionCore.framework/Versions/A/SpeechRecognitionCore
0x0000000107600000 	/Library/Java/JavaVirtualMachines/jdk-14.0.1.jdk/Contents/Home/lib/server/libjvm.dylib
0x00000001065cd000 	/Library/Java/JavaVirtualMachines/jdk-14.0.1.jdk/Contents/Home/lib/libjimage.dylib
0x000000010838a000 	/Library/Java/JavaVirtualMachines/jdk-14.0.1.jdk/Contents/Home/lib/libjdwp.dylib
0x00000001083c5000 	/Library/Java/JavaVirtualMachines/jdk-14.0.1.jdk/Contents/Home/lib/libjava.dylib
0x00000001065da000 	/Library/Java/JavaVirtualMachines/jdk-14.0.1.jdk/Contents/Home/lib/libinstrument.dylib
0x00000001065f2000 	/Library/Java/JavaVirtualMachines/jdk-14.0.1.jdk/Contents/Home/lib/libzip.dylib
0x0000000110ec4000 	/Library/Java/JavaVirtualMachines/jdk-14.0.1.jdk/Contents/Home/lib/libdt_socket.dylib
0x0000000110ece000 	/Library/Java/JavaVirtualMachines/jdk-14.0.1.jdk/Contents/Home/lib/libnio.dylib
0x0000000110ee1000 	/Library/Java/JavaVirtualMachines/jdk-14.0.1.jdk/Contents/Home/lib/libnet.dylib
0x0000000110ef9000 	/Library/Java/JavaVirtualMachines/jdk-14.0.1.jdk/Contents/Home/lib/libverify.dylib


VM Arguments:
jvm_args: -agentlib:jdwp=transport=dt_socket,suspend=y,address=localhost:59839 -javaagent:/Users/ivy/eclipse/java-2020-03/Eclipse.app/Contents/Eclipse/configuration/org.eclipse.osgi/216/0/.cp/lib/javaagent-shaded.jar -Dfile.encoding=UTF-8 
java_command: parkingLot.test
java_class_path (initial): /Users/ivy/Documents/workspace-Hovan/ParkingLot/bin
Launcher Type: SUN_STANDARD

[Global flags]
     intx CICompilerCount                          = 4                                         {product} {ergonomic}
     uint ConcGCThreads                            = 2                                         {product} {ergonomic}
     uint G1ConcRefinementThreads                  = 8                                         {product} {ergonomic}
   size_t G1HeapRegionSize                         = 1048576                                   {product} {ergonomic}
    uintx GCDrainStackTargetSize                   = 64                                        {product} {ergonomic}
   size_t InitialHeapSize                          = 268435456                                 {product} {ergonomic}
   size_t MarkStackSize                            = 4194304                                   {product} {ergonomic}
   size_t MaxHeapSize                              = 4294967296                                {product} {ergonomic}
   size_t MaxNewSize                               = 2576351232                                {product} {ergonomic}
   size_t MinHeapDeltaBytes                        = 1048576                                   {product} {ergonomic}
   size_t MinHeapSize                              = 8388608                                   {product} {ergonomic}
    uintx NonNMethodCodeHeapSize                   = 5839372                                {pd product} {ergonomic}
    uintx NonProfiledCodeHeapSize                  = 122909434                              {pd product} {ergonomic}
    uintx ProfiledCodeHeapSize                     = 122909434                              {pd product} {ergonomic}
    uintx ReservedCodeCacheSize                    = 251658240                              {pd product} {ergonomic}
     bool SegmentedCodeCache                       = true                                      {product} {ergonomic}
   size_t SoftMaxHeapSize                          = 4294967296                             {manageable} {ergonomic}
     bool UseCompressedClassPointers               = true                                 {lp64_product} {ergonomic}
     bool UseCompressedOops                        = true                                 {lp64_product} {ergonomic}
     bool UseG1GC                                  = true                                      {product} {ergonomic}

Logging:
Log output configuration:
 #0: stdout all=warning uptime,level,tags
 #1: stderr all=off uptime,level,tags

Environment Variables:
PATH=/usr/bin:/bin:/usr/sbin:/sbin
SHELL=/bin/bash
DISPLAY=/private/tmp/com.apple.launchd.0GIwucNrtH/org.macosforge.xquartz:0

Signal Handlers:
SIGSEGV: [libjvm.dylib+0x741570], sa_mask[0]=11111111011111110111111111111111, sa_flags=SA_ONSTACK|SA_RESTART|SA_SIGINFO
SIGBUS: [libjvm.dylib+0x741570], sa_mask[0]=11111111011111110111111111111111, sa_flags=SA_RESTART|SA_SIGINFO
SIGFPE: [libjvm.dylib+0x741570], sa_mask[0]=11111111011111110111111111111111, sa_flags=SA_RESTART|SA_SIGINFO
SIGPIPE: [libjvm.dylib+0x5eb393], sa_mask[0]=11111111011111110111111111111111, sa_flags=SA_RESTART|SA_SIGINFO
SIGXFSZ: [libjvm.dylib+0x5eb393], sa_mask[0]=11111111011111110111111111111111, sa_flags=SA_RESTART|SA_SIGINFO
SIGILL: [libjvm.dylib+0x741570], sa_mask[0]=11111111011111110111111111111111, sa_flags=SA_RESTART|SA_SIGINFO
SIGUSR2: [libjvm.dylib+0x5eb965], sa_mask[0]=00100000000000000000000000000000, sa_flags=SA_RESTART|SA_SIGINFO
SIGHUP: [libjvm.dylib+0x5ea9c7], sa_mask[0]=11111111011111110111111111111111, sa_flags=SA_RESTART|SA_SIGINFO
SIGINT: [libjvm.dylib+0x5ea9c7], sa_mask[0]=11111111011111110111111111111111, sa_flags=SA_RESTART|SA_SIGINFO
SIGTERM: [libjvm.dylib+0x5ea9c7], sa_mask[0]=11111111011111110111111111111111, sa_flags=SA_RESTART|SA_SIGINFO
SIGQUIT: [libjvm.dylib+0x5ea9c7], sa_mask[0]=11111111011111110111111111111111, sa_flags=SA_RESTART|SA_SIGINFO


---------------  S Y S T E M  ---------------

OS:uname:Darwin 19.5.0 Darwin Kernel Version 19.5.0: Tue May 26 20:41:44 PDT 2020; root:xnu-6153.121.2~2/RELEASE_X86_64 x86_64
OS uptime: 11 days 0:32 hours
rlimit: STACK 8192k, CORE 0k, NPROC 2784, NOFILE 10240, AS infinity, DATA infinity, FSIZE infinity
load average:7.22 4.08 3.03

CPU:total 8 (initial active 8) (4 cores per cpu, 2 threads per core) family 6 model 70 stepping 1, cmov, cx8, fxsr, mmx, sse, sse2, sse3, ssse3, sse4.1, sse4.2, popcnt, avx, avx2, aes, clmul, erms, lzcnt, ht, tsc, tscinvbit, bmi1, bmi2, fma

Memory: 4k page, physical 16777216k(20992k free), swap 1048576k(1025792k free)

vm_info: Java HotSpot(TM) 64-Bit Server VM (14.0.1+7) for bsd-amd64 JRE (14.0.1+7), built on Mar  5 2020 10:34:17 by "mach5one" with clang 4.2.1 Compatible Apple LLVM 10.0.0 (clang-1000.11.45.5)

END.
